Using pre-set license
Built from '2021.3/staging' branch; Version is '2021.3.2f1 (d6360bedb9a0) revision 14038539'; Using compiler version '192829333'; Build Type 'Release'
OS: 'Windows 11  (10.0.22000) 64bit Professional' Language: 'en' Physical Memory: 16291 MB
BatchMode: 1, IsHumanControllingUs: 0, StartBugReporterOnCrash: 0, Is64bit: 1, IsPro: 1

COMMAND LINE ARGUMENTS:
C:\Program Files\Unity\Hub\Editor\2021.3.2f1\Editor\Unity.exe
-adb2
-batchMode
-noUpm
-name
AssetImportWorker2
-projectPath
C:/Users/morga/Documents/GitHub/MrToadSpeedRacer/Mr Frog
-logFile
Logs/AssetImportWorker2.log
-srvPort
62787
Successfully changed project path to: C:/Users/morga/Documents/GitHub/MrToadSpeedRacer/Mr Frog
C:/Users/morga/Documents/GitHub/MrToadSpeedRacer/Mr Frog
[UnityMemory] Configuration Parameters - Can be set up in boot.config
    "memorysetup-bucket-allocator-granularity=16"
    "memorysetup-bucket-allocator-bucket-count=8"
    "memorysetup-bucket-allocator-block-size=33554432"
    "memorysetup-bucket-allocator-block-count=8"
    "memorysetup-main-allocator-block-size=16777216"
    "memorysetup-thread-allocator-block-size=16777216"
    "memorysetup-gfx-main-allocator-block-size=16777216"
    "memorysetup-gfx-thread-allocator-block-size=16777216"
    "memorysetup-cache-allocator-block-size=4194304"
    "memorysetup-typetree-allocator-block-size=2097152"
    "memorysetup-profiler-bucket-allocator-granularity=16"
    "memorysetup-profiler-bucket-allocator-bucket-count=8"
    "memorysetup-profiler-bucket-allocator-block-size=33554432"
    "memorysetup-profiler-bucket-allocator-block-count=8"
    "memorysetup-profiler-allocator-block-size=16777216"
    "memorysetup-profiler-editor-allocator-block-size=1048576"
    "memorysetup-temp-allocator-size-main=16777216"
    "memorysetup-job-temp-allocator-block-size=2097152"
    "memorysetup-job-temp-allocator-block-size-background=1048576"
    "memorysetup-job-temp-allocator-reduction-small-platforms=262144"
    "memorysetup-temp-allocator-size-background-worker=32768"
    "memorysetup-temp-allocator-size-job-worker=262144"
    "memorysetup-temp-allocator-size-preload-manager=33554432"
    "memorysetup-temp-allocator-size-nav-mesh-worker=65536"
    "memorysetup-temp-allocator-size-audio-worker=65536"
    "memorysetup-temp-allocator-size-cloud-worker=32768"
    "memorysetup-temp-allocator-size-gi-baking-worker=262144"
    "memorysetup-temp-allocator-size-gfx=262144"
Refreshing native plugins compatible for Editor in 112.23 ms, found 3 plugins.
Preloading 0 native plugins for Editor in 0.00 ms.
Initialize engine version: 2021.3.2f1 (d6360bedb9a0)
[Subsystems] Discovering subsystems at path C:/Program Files/Unity/Hub/Editor/2021.3.2f1/Editor/Data/Resources/UnitySubsystems
[Subsystems] Discovering subsystems at path C:/Users/morga/Documents/GitHub/MrToadSpeedRacer/Mr Frog/Assets
GfxDevice: creating device client; threaded=0; jobified=0
Direct3D:
    Version:  Direct3D 11.0 [level 11.1]
    Renderer: Radeon (TM) RX 480 Graphics (ID=0x67df)
    Vendor:   ATI
    VRAM:     8171 MB
    Driver:   30.0.13023.4001
Shader 'Custom/EVP Particles Alpha Blended Shadows': fallback shader 'Particles/Alpha Blended' not found
Initialize mono
Mono path[0] = 'C:/Program Files/Unity/Hub/Editor/2021.3.2f1/Editor/Data/Managed'
Mono path[1] = 'C:/Program Files/Unity/Hub/Editor/2021.3.2f1/Editor/Data/MonoBleedingEdge/lib/mono/unityjit-win32'
Mono config path = 'C:/Program Files/Unity/Hub/Editor/2021.3.2f1/Editor/Data/MonoBleedingEdge/etc'
Using monoOptions --debugger-agent=transport=dt_socket,embedding=1,server=y,suspend=n,address=127.0.0.1:56956
Begin MonoManager ReloadAssembly
Registering precompiled unity dll's ...
Register platform support module: C:/Program Files/Unity/Hub/Editor/2021.3.2f1/Editor/Data/PlaybackEngines/WebGLSupport/UnityEditor.WebGL.Extensions.dll
Register platform support module: C:/Program Files/Unity/Hub/Editor/2021.3.2f1/Editor/Data/PlaybackEngines/AndroidPlayer/UnityEditor.Android.Extensions.dll
Register platform support module: C:/Program Files/Unity/Hub/Editor/2021.3.2f1/Editor/Data/PlaybackEngines/WindowsStandaloneSupport/UnityEditor.WindowsStandalone.Extensions.dll
Registered in 0.005282 seconds.
Native extension for WindowsStandalone target not found
Native extension for Android target not found
Native extension for WebGL target not found
Refreshing native plugins compatible for Editor in 108.46 ms, found 3 plugins.
Preloading 0 native plugins for Editor in 0.00 ms.
Mono: successfully reloaded assembly
- Completed reload, in  0.601 seconds
Domain Reload Profiling:
	ReloadAssembly (601ms)
		BeginReloadAssembly (69ms)
			ExecutionOrderSort (0ms)
			DisableScriptedObjects (0ms)
			BackupInstance (0ms)
			ReleaseScriptingObjects (0ms)
			CreateAndSetChildDomain (1ms)
		EndReloadAssembly (438ms)
			LoadAssemblies (67ms)
			RebuildTransferFunctionScriptingTraits (0ms)
			SetupTypeCache (91ms)
			ReleaseScriptCaches (0ms)
			RebuildScriptCaches (24ms)
			SetupLoadedEditorAssemblies (280ms)
				LogAssemblyErrors (0ms)
				InitializePlatformSupportModulesInManaged (49ms)
				SetLoadedEditorAssemblies (0ms)
				RefreshPlugins (109ms)
				BeforeProcessingInitializeOnLoad (1ms)
				ProcessInitializeOnLoadAttributes (85ms)
				ProcessInitializeOnLoadMethodAttributes (36ms)
				AfterProcessingInitializeOnLoad (0ms)
				EditorAssembliesLoaded (0ms)
			ExecutionOrderSort2 (0ms)
			AwakeInstancesAfterBackupRestoration (0ms)
Platform modules already initialized, skipping
Registering precompiled user dll's ...
Registered in 0.005616 seconds.
Begin MonoManager ReloadAssembly
Symbol file LoadedFromMemory doesn't match image C:\Users\morga\Documents\GitHub\MrToadSpeedRacer\Mr Frog\Library\PackageCache\com.unity.visualscripting@1.7.6\Editor\VisualScripting.Core\Dependencies\YamlDotNet\Unity.VisualScripting.YamlDotNet.dll
Symbol file LoadedFromMemory doesn't match image C:\Users\morga\Documents\GitHub\MrToadSpeedRacer\Mr Frog\Library\PackageCache\com.unity.visualscripting@1.7.6\Editor\VisualScripting.Core\Dependencies\DotNetZip\Unity.VisualScripting.IonicZip.dll
Native extension for WindowsStandalone target not found
Native extension for Android target not found
Native extension for WebGL target not found
Refreshing native plugins compatible for Editor in 0.98 ms, found 3 plugins.
Preloading 0 native plugins for Editor in 0.00 ms.
Package Manager log level set to [2]
Mono: successfully reloaded assembly
- Completed reload, in  1.095 seconds
Domain Reload Profiling:
	ReloadAssembly (1096ms)
		BeginReloadAssembly (196ms)
			ExecutionOrderSort (0ms)
			DisableScriptedObjects (6ms)
			BackupInstance (0ms)
			ReleaseScriptingObjects (0ms)
			CreateAndSetChildDomain (118ms)
		EndReloadAssembly (799ms)
			LoadAssemblies (73ms)
			RebuildTransferFunctionScriptingTraits (0ms)
			SetupTypeCache (245ms)
			ReleaseScriptCaches (1ms)
			RebuildScriptCaches (60ms)
			SetupLoadedEditorAssemblies (377ms)
				LogAssemblyErrors (0ms)
				InitializePlatformSupportModulesInManaged (13ms)
				SetLoadedEditorAssemblies (0ms)
				RefreshPlugins (1ms)
				BeforeProcessingInitializeOnLoad (97ms)
				ProcessInitializeOnLoadAttributes (234ms)
				ProcessInitializeOnLoadMethodAttributes (26ms)
				AfterProcessingInitializeOnLoad (6ms)
				EditorAssembliesLoaded (0ms)
			ExecutionOrderSort2 (0ms)
			AwakeInstancesAfterBackupRestoration (5ms)
Platform modules already initialized, skipping
========================================================================
Worker process is ready to serve import requests
Shader 'Custom/EVP Particles Alpha Blended Shadows': fallback shader 'Particles/Alpha Blended' not found
Launched and connected shader compiler UnityShaderCompiler.exe after 0.04 seconds
Refreshing native plugins compatible for Editor in 1.13 ms, found 3 plugins.
Preloading 0 native plugins for Editor in 0.00 ms.
Unloading 4166 Unused Serialized files (Serialized files now loaded: 0)
Unloading 42 unused Assets / (1.4 MB). Loaded Objects now: 4748.
Memory consumption went from 198.9 MB to 197.6 MB.
Total: 3.508800 ms (FindLiveObjects: 0.383600 ms CreateObjectMapping: 0.114400 ms MarkObjects: 2.609400 ms  DeleteObjects: 0.399900 ms)

AssetImportParameters requested are different than current active one (requested -> active):
  custom:video-decoder-ogg-theora: a1e56fd34408186e4bbccfd4996cb3dc -> 
  custom:container-muxer-webm: aa71ff27fc2769a1b78a27578f13a17b -> 
  custom:container-demuxer-webm: 4f35f7cbe854078d1ac9338744f61a02 -> 
  custom:video-encoder-webm-vp8: eb34c28f22e8b96e1ab97ce403110664 -> 
  custom:audio-encoder-webm-vorbis: bf7c407c2cedff20999df2af8eb42d56 -> 
  custom:framework-win-MediaFoundation: 216162199b28c13a410421893ffa2e32 -> 
  custom:container-demuxer-ogg: 62fdf1f143b41e24485cea50d1cbac27 -> 
  custom:video-decoder-webm-vp8: 9c59270c3fd7afecdb556c50c9e8de78 -> 
  custom:audio-decoder-ogg-vorbis: bf7c407c2cedff20999df2af8eb42d56 -> 
========================================================================
Received Prepare
Registering precompiled user dll's ...
Registered in 0.005923 seconds.
Begin MonoManager ReloadAssembly
Symbol file LoadedFromMemory doesn't match image C:\Users\morga\Documents\GitHub\MrToadSpeedRacer\Mr Frog\Library\PackageCache\com.unity.visualscripting@1.7.6\Editor\VisualScripting.Core\Dependencies\YamlDotNet\Unity.VisualScripting.YamlDotNet.dll
Symbol file LoadedFromMemory doesn't match image C:\Users\morga\Documents\GitHub\MrToadSpeedRacer\Mr Frog\Library\PackageCache\com.unity.visualscripting@1.7.6\Editor\VisualScripting.Core\Dependencies\DotNetZip\Unity.VisualScripting.IonicZip.dll
Native extension for WindowsStandalone target not found
Native extension for Android target not found
Native extension for WebGL target not found
Refreshing native plugins compatible for Editor in 0.95 ms, found 3 plugins.
Preloading 0 native plugins for Editor in 0.00 ms.
Mono: successfully reloaded assembly
- Completed reload, in  0.953 seconds
Domain Reload Profiling:
	ReloadAssembly (953ms)
		BeginReloadAssembly (134ms)
			ExecutionOrderSort (0ms)
			DisableScriptedObjects (5ms)
			BackupInstance (0ms)
			ReleaseScriptingObjects (0ms)
			CreateAndSetChildDomain (45ms)
		EndReloadAssembly (734ms)
			LoadAssemblies (74ms)
			RebuildTransferFunctionScriptingTraits (0ms)
			SetupTypeCache (253ms)
			ReleaseScriptCaches (2ms)
			RebuildScriptCaches (39ms)
			SetupLoadedEditorAssemblies (330ms)
				LogAssemblyErrors (0ms)
				InitializePlatformSupportModulesInManaged (19ms)
				SetLoadedEditorAssemblies (0ms)
				RefreshPlugins (1ms)
				BeforeProcessingInitializeOnLoad (70ms)
				ProcessInitializeOnLoadAttributes (203ms)
				ProcessInitializeOnLoadMethodAttributes (29ms)
				AfterProcessingInitializeOnLoad (7ms)
				EditorAssembliesLoaded (0ms)
			ExecutionOrderSort2 (0ms)
			AwakeInstancesAfterBackupRestoration (6ms)
Platform modules already initialized, skipping
Shader 'Custom/EVP Particles Alpha Blended Shadows': fallback shader 'Particles/Alpha Blended' not found
Refreshing native plugins compatible for Editor in 2.09 ms, found 3 plugins.
Preloading 0 native plugins for Editor in 0.00 ms.
Unloading 4045 Unused Serialized files (Serialized files now loaded: 0)
Unloading 35 unused Assets / (1.4 MB). Loaded Objects now: 4751.
Memory consumption went from 187.3 MB to 185.9 MB.
Total: 3.326400 ms (FindLiveObjects: 0.355500 ms CreateObjectMapping: 0.108600 ms MarkObjects: 2.517900 ms  DeleteObjects: 0.343500 ms)

AssetImportParameters requested are different than current active one (requested -> active):
  custom:video-decoder-ogg-theora: a1e56fd34408186e4bbccfd4996cb3dc -> 
  custom:container-muxer-webm: aa71ff27fc2769a1b78a27578f13a17b -> 
  custom:container-demuxer-webm: 4f35f7cbe854078d1ac9338744f61a02 -> 
  custom:video-encoder-webm-vp8: eb34c28f22e8b96e1ab97ce403110664 -> 
  custom:audio-encoder-webm-vorbis: bf7c407c2cedff20999df2af8eb42d56 -> 
  custom:framework-win-MediaFoundation: 216162199b28c13a410421893ffa2e32 -> 
  custom:container-demuxer-ogg: 62fdf1f143b41e24485cea50d1cbac27 -> 
  custom:video-decoder-webm-vp8: 9c59270c3fd7afecdb556c50c9e8de78 -> 
  custom:audio-decoder-ogg-vorbis: bf7c407c2cedff20999df2af8eb42d56 -> 
========================================================================
Received Import Request.
  Time since last request: 220998.739230 seconds.
  path: Assets/Toon Racing/Textures/Dirt_1A.psd
  artifactKey: Guid(9fd1aea1f1f41431f90df9a8c0133256) Importer(815301076,1909f56bfc062723c751e8b465ee728b)
Start importing Assets/Toon Racing/Textures/Dirt_1A.psd using Guid(9fd1aea1f1f41431f90df9a8c0133256) Importer(815301076,1909f56bfc062723c751e8b465ee728b)  -> (artifact id: '67419e09af6276f46caab9bc341a69b9') in 0.068803 seconds 
========================================================================
Received Import Request.
  Time since last request: 0.000017 seconds.
  path: Assets/Toon Racing/Textures/Dirt_1D.psd
  artifactKey: Guid(277985f6a0e734916ba23a802daaf644) Importer(815301076,1909f56bfc062723c751e8b465ee728b)
Start importing Assets/Toon Racing/Textures/Dirt_1D.psd using Guid(277985f6a0e734916ba23a802daaf644) Importer(815301076,1909f56bfc062723c751e8b465ee728b)  -> (artifact id: 'c7e5b8ad1dbacb0ead86dc3d5616cc60') in 0.012846 seconds 
========================================================================
Received Import Request.
  Time since last request: 0.000016 seconds.
  path: Assets/Toon Racing/Terrain/Layers/Layer_Dirt_1D.terrainlayer
  artifactKey: Guid(d23bd2c558bec6e45990d82d5a59572c) Importer(815301076,1909f56bfc062723c751e8b465ee728b)
Start importing Assets/Toon Racing/Terrain/Layers/Layer_Dirt_1D.terrainlayer using Guid(d23bd2c558bec6e45990d82d5a59572c) Importer(815301076,1909f56bfc062723c751e8b465ee728b)  -> (artifact id: '3abd3dfbf9af12ddad164200f08f6dfb') in 0.039140 seconds 
========================================================================
Received Import Request.
  Time since last request: 0.000025 seconds.
  path: Assets/EVP5/World/Pixelactive City/tex/ter_dirt_001.tif
  artifactKey: Guid(75cbfd4a2d28d42e69df07b2f056d531) Importer(815301076,1909f56bfc062723c751e8b465ee728b)
Start importing Assets/EVP5/World/Pixelactive City/tex/ter_dirt_001.tif using Guid(75cbfd4a2d28d42e69df07b2f056d531) Importer(815301076,1909f56bfc062723c751e8b465ee728b)  -> (artifact id: '6b2eda8fc06b1cd3b9761ad36e6e1de2') in 0.015872 seconds 
========================================================================
Received Import Request.
  Time since last request: 0.000022 seconds.
  path: Assets/EVP5/World/Terrain/Terrain Layers/layer_ter_dirt_001asphalt.terrainlayer
  artifactKey: Guid(b06ea338f31eccb43be6e8ffca54177c) Importer(815301076,1909f56bfc062723c751e8b465ee728b)
Start importing Assets/EVP5/World/Terrain/Terrain Layers/layer_ter_dirt_001asphalt.terrainlayer using Guid(b06ea338f31eccb43be6e8ffca54177c) Importer(815301076,1909f56bfc062723c751e8b465ee728b)  -> (artifact id: 'b1fb81444155c2ef57a009369f698891') in 0.014677 seconds 
========================================================================
Received Import Request.
  Time since last request: 3.643971 seconds.
  path: Packages/com.unity.postprocessing/PostProcessing/Textures/LensDirt/LensDirt00.png
  artifactKey: Guid(69e847bbff1cf5449a4ee0bbd045dbc9) Importer(815301076,1909f56bfc062723c751e8b465ee728b)
Start importing Packages/com.unity.postprocessing/PostProcessing/Textures/LensDirt/LensDirt00.png using Guid(69e847bbff1cf5449a4ee0bbd045dbc9) Importer(815301076,1909f56bfc062723c751e8b465ee728b)  -> (artifact id: '6e190395ced2dc7afde3dee132e05966') in 0.051755 seconds 
========================================================================
Received Import Request.
  Time since last request: 0.000022 seconds.
  path: Packages/com.unity.postprocessing/PostProcessing/Textures/LensDirt/LensDirt03.png
  artifactKey: Guid(7a051dbda2d7bc447bee412427cd311e) Importer(815301076,1909f56bfc062723c751e8b465ee728b)
Start importing Packages/com.unity.postprocessing/PostProcessing/Textures/LensDirt/LensDirt03.png using Guid(7a051dbda2d7bc447bee412427cd311e) Importer(815301076,1909f56bfc062723c751e8b465ee728b)  -> (artifact id: '95891cfcd6407af515a474907ab0ea18') in 0.016832 seconds 
========================================================================
Received Prepare
Registering precompiled user dll's ...
Registered in 0.007213 seconds.
Begin MonoManager ReloadAssembly
Symbol file LoadedFromMemory doesn't match image C:\Users\morga\Documents\GitHub\MrToadSpeedRacer\Mr Frog\Library\PackageCache\com.unity.visualscripting@1.7.6\Editor\VisualScripting.Core\Dependencies\YamlDotNet\Unity.VisualScripting.YamlDotNet.dll
Symbol file LoadedFromMemory doesn't match image C:\Users\morga\Documents\GitHub\MrToadSpeedRacer\Mr Frog\Library\PackageCache\com.unity.visualscripting@1.7.6\Editor\VisualScripting.Core\Dependencies\DotNetZip\Unity.VisualScripting.IonicZip.dll
Native extension for WindowsStandalone target not found
Native extension for Android target not found
Native extension for WebGL target not found
Refreshing native plugins compatible for Editor in 1.10 ms, found 3 plugins.
Preloading 0 native plugins for Editor in 0.00 ms.
Mono: successfully reloaded assembly
- Completed reload, in  1.019 seconds
Domain Reload Profiling:
	ReloadAssembly (1019ms)
		BeginReloadAssembly (136ms)
			ExecutionOrderSort (0ms)
			DisableScriptedObjects (4ms)
			BackupInstance (0ms)
			ReleaseScriptingObjects (0ms)
			CreateAndSetChildDomain (43ms)
		EndReloadAssembly (797ms)
			LoadAssemblies (83ms)
			RebuildTransferFunctionScriptingTraits (0ms)
			SetupTypeCache (272ms)
			ReleaseScriptCaches (2ms)
			RebuildScriptCaches (42ms)
			SetupLoadedEditorAssemblies (361ms)
				LogAssemblyErrors (0ms)
				InitializePlatformSupportModulesInManaged (19ms)
				SetLoadedEditorAssemblies (0ms)
				RefreshPlugins (1ms)
				BeforeProcessingInitializeOnLoad (71ms)
				ProcessInitializeOnLoadAttributes (227ms)
				ProcessInitializeOnLoadMethodAttributes (35ms)
				AfterProcessingInitializeOnLoad (8ms)
				EditorAssembliesLoaded (0ms)
			ExecutionOrderSort2 (0ms)
			AwakeInstancesAfterBackupRestoration (5ms)
Platform modules already initialized, skipping
Shader 'Custom/EVP Particles Alpha Blended Shadows': fallback shader 'Particles/Alpha Blended' not found
Refreshing native plugins compatible for Editor in 2.27 ms, found 3 plugins.
Preloading 0 native plugins for Editor in 0.00 ms.
Unloading 4045 Unused Serialized files (Serialized files now loaded: 0)
Unloading 35 unused Assets / (1.3 MB). Loaded Objects now: 4760.
Memory consumption went from 191.4 MB to 190.1 MB.
Total: 3.399500 ms (FindLiveObjects: 0.373500 ms CreateObjectMapping: 0.145500 ms MarkObjects: 2.509800 ms  DeleteObjects: 0.369500 ms)

AssetImportParameters requested are different than current active one (requested -> active):
  custom:video-decoder-ogg-theora: a1e56fd34408186e4bbccfd4996cb3dc -> 
  custom:container-muxer-webm: aa71ff27fc2769a1b78a27578f13a17b -> 
  custom:container-demuxer-webm: 4f35f7cbe854078d1ac9338744f61a02 -> 
  custom:video-encoder-webm-vp8: eb34c28f22e8b96e1ab97ce403110664 -> 
  custom:audio-encoder-webm-vorbis: bf7c407c2cedff20999df2af8eb42d56 -> 
  custom:framework-win-MediaFoundation: 216162199b28c13a410421893ffa2e32 -> 
  custom:container-demuxer-ogg: 62fdf1f143b41e24485cea50d1cbac27 -> 
  custom:video-decoder-webm-vp8: 9c59270c3fd7afecdb556c50c9e8de78 -> 
  custom:audio-decoder-ogg-vorbis: bf7c407c2cedff20999df2af8eb42d56 -> 
========================================================================
Received Prepare
Registering precompiled user dll's ...
Registered in 0.005058 seconds.
Begin MonoManager ReloadAssembly
Symbol file LoadedFromMemory doesn't match image C:\Users\morga\Documents\GitHub\MrToadSpeedRacer\Mr Frog\Library\PackageCache\com.unity.visualscripting@1.7.6\Editor\VisualScripting.Core\Dependencies\YamlDotNet\Unity.VisualScripting.YamlDotNet.dll
Symbol file LoadedFromMemory doesn't match image C:\Users\morga\Documents\GitHub\MrToadSpeedRacer\Mr Frog\Library\PackageCache\com.unity.visualscripting@1.7.6\Editor\VisualScripting.Core\Dependencies\DotNetZip\Unity.VisualScripting.IonicZip.dll
Native extension for WindowsStandalone target not found
Native extension for Android target not found
Native extension for WebGL target not found
Refreshing native plugins compatible for Editor in 0.78 ms, found 3 plugins.
Preloading 0 native plugins for Editor in 0.00 ms.
Mono: successfully reloaded assembly
- Completed reload, in  0.915 seconds
Domain Reload Profiling:
	ReloadAssembly (915ms)
		BeginReloadAssembly (120ms)
			ExecutionOrderSort (0ms)
			DisableScriptedObjects (4ms)
			BackupInstance (0ms)
			ReleaseScriptingObjects (0ms)
			CreateAndSetChildDomain (37ms)
		EndReloadAssembly (711ms)
			LoadAssemblies (71ms)
			RebuildTransferFunctionScriptingTraits (0ms)
			SetupTypeCache (235ms)
			ReleaseScriptCaches (1ms)
			RebuildScriptCaches (39ms)
			SetupLoadedEditorAssemblies (331ms)
				LogAssemblyErrors (0ms)
				InitializePlatformSupportModulesInManaged (18ms)
				SetLoadedEditorAssemblies (1ms)
				RefreshPlugins (1ms)
				BeforeProcessingInitializeOnLoad (71ms)
				ProcessInitializeOnLoadAttributes (209ms)
				ProcessInitializeOnLoadMethodAttributes (26ms)
				AfterProcessingInitializeOnLoad (5ms)
				EditorAssembliesLoaded (0ms)
			ExecutionOrderSort2 (0ms)
			AwakeInstancesAfterBackupRestoration (5ms)
Platform modules already initialized, skipping
Shader 'Custom/EVP Particles Alpha Blended Shadows': fallback shader 'Particles/Alpha Blended' not found
Refreshing native plugins compatible for Editor in 2.49 ms, found 3 plugins.
Preloading 0 native plugins for Editor in 0.00 ms.
Unloading 4045 Unused Serialized files (Serialized files now loaded: 0)
Unloading 35 unused Assets / (1.4 MB). Loaded Objects now: 4763.
Memory consumption went from 191.5 MB to 190.1 MB.
Total: 4.017000 ms (FindLiveObjects: 0.406300 ms CreateObjectMapping: 0.110300 ms MarkObjects: 2.987100 ms  DeleteObjects: 0.511100 ms)

AssetImportParameters requested are different than current active one (requested -> active):
  custom:video-decoder-ogg-theora: a1e56fd34408186e4bbccfd4996cb3dc -> 
  custom:container-muxer-webm: aa71ff27fc2769a1b78a27578f13a17b -> 
  custom:container-demuxer-webm: 4f35f7cbe854078d1ac9338744f61a02 -> 
  custom:video-encoder-webm-vp8: eb34c28f22e8b96e1ab97ce403110664 -> 
  custom:audio-encoder-webm-vorbis: bf7c407c2cedff20999df2af8eb42d56 -> 
  custom:framework-win-MediaFoundation: 216162199b28c13a410421893ffa2e32 -> 
  custom:container-demuxer-ogg: 62fdf1f143b41e24485cea50d1cbac27 -> 
  custom:video-decoder-webm-vp8: 9c59270c3fd7afecdb556c50c9e8de78 -> 
  custom:audio-decoder-ogg-vorbis: bf7c407c2cedff20999df2af8eb42d56 -> 
========================================================================
Received Prepare
Registering precompiled user dll's ...
Registered in 0.006041 seconds.
Begin MonoManager ReloadAssembly
Symbol file LoadedFromMemory doesn't match image C:\Users\morga\Documents\GitHub\MrToadSpeedRacer\Mr Frog\Library\PackageCache\com.unity.visualscripting@1.7.6\Editor\VisualScripting.Core\Dependencies\YamlDotNet\Unity.VisualScripting.YamlDotNet.dll
Symbol file LoadedFromMemory doesn't match image C:\Users\morga\Documents\GitHub\MrToadSpeedRacer\Mr Frog\Library\PackageCache\com.unity.visualscripting@1.7.6\Editor\VisualScripting.Core\Dependencies\DotNetZip\Unity.VisualScripting.IonicZip.dll
Native extension for WindowsStandalone target not found
Native extension for Android target not found
Native extension for WebGL target not found
Refreshing native plugins compatible for Editor in 1.18 ms, found 3 plugins.
Preloading 0 native plugins for Editor in 0.00 ms.
Mono: successfully reloaded assembly
- Completed reload, in  0.921 seconds
Domain Reload Profiling:
	ReloadAssembly (922ms)
		BeginReloadAssembly (118ms)
			ExecutionOrderSort (0ms)
			DisableScriptedObjects (4ms)
			BackupInstance (0ms)
			ReleaseScriptingObjects (0ms)
			CreateAndSetChildDomain (39ms)
		EndReloadAssembly (718ms)
			LoadAssemblies (70ms)
			RebuildTransferFunctionScriptingTraits (0ms)
			SetupTypeCache (236ms)
			ReleaseScriptCaches (2ms)
			RebuildScriptCaches (39ms)
			SetupLoadedEditorAssemblies (333ms)
				LogAssemblyErrors (0ms)
				InitializePlatformSupportModulesInManaged (19ms)
				SetLoadedEditorAssemblies (1ms)
				RefreshPlugins (1ms)
				BeforeProcessingInitializeOnLoad (74ms)
				ProcessInitializeOnLoadAttributes (202ms)
				ProcessInitializeOnLoadMethodAttributes (29ms)
				AfterProcessingInitializeOnLoad (6ms)
				EditorAssembliesLoaded (0ms)
			ExecutionOrderSort2 (0ms)
			AwakeInstancesAfterBackupRestoration (5ms)
Platform modules already initialized, skipping
Shader 'Custom/EVP Particles Alpha Blended Shadows': fallback shader 'Particles/Alpha Blended' not found
Refreshing native plugins compatible for Editor in 2.27 ms, found 3 plugins.
Preloading 0 native plugins for Editor in 0.00 ms.
Unloading 4045 Unused Serialized files (Serialized files now loaded: 0)
Unloading 35 unused Assets / (1.3 MB). Loaded Objects now: 4766.
Memory consumption went from 191.5 MB to 190.1 MB.
Total: 3.751100 ms (FindLiveObjects: 0.376600 ms CreateObjectMapping: 0.107000 ms MarkObjects: 2.571900 ms  DeleteObjects: 0.694200 ms)

AssetImportParameters requested are different than current active one (requested -> active):
  custom:video-decoder-ogg-theora: a1e56fd34408186e4bbccfd4996cb3dc -> 
  custom:container-muxer-webm: aa71ff27fc2769a1b78a27578f13a17b -> 
  custom:container-demuxer-webm: 4f35f7cbe854078d1ac9338744f61a02 -> 
  custom:video-encoder-webm-vp8: eb34c28f22e8b96e1ab97ce403110664 -> 
  custom:audio-encoder-webm-vorbis: bf7c407c2cedff20999df2af8eb42d56 -> 
  custom:framework-win-MediaFoundation: 216162199b28c13a410421893ffa2e32 -> 
  custom:container-demuxer-ogg: 62fdf1f143b41e24485cea50d1cbac27 -> 
  custom:video-decoder-webm-vp8: 9c59270c3fd7afecdb556c50c9e8de78 -> 
  custom:audio-decoder-ogg-vorbis: bf7c407c2cedff20999df2af8eb42d56 -> 
========================================================================
Received Prepare
Registering precompiled user dll's ...
Registered in 0.006281 seconds.
Begin MonoManager ReloadAssembly
Symbol file LoadedFromMemory doesn't match image C:\Users\morga\Documents\GitHub\MrToadSpeedRacer\Mr Frog\Library\PackageCache\com.unity.visualscripting@1.7.6\Editor\VisualScripting.Core\Dependencies\YamlDotNet\Unity.VisualScripting.YamlDotNet.dll
Symbol file LoadedFromMemory doesn't match image C:\Users\morga\Documents\GitHub\MrToadSpeedRacer\Mr Frog\Library\PackageCache\com.unity.visualscripting@1.7.6\Editor\VisualScripting.Core\Dependencies\DotNetZip\Unity.VisualScripting.IonicZip.dll
Native extension for WindowsStandalone target not found
Native extension for Android target not found
Native extension for WebGL target not found
Refreshing native plugins compatible for Editor in 0.89 ms, found 3 plugins.
Preloading 0 native plugins for Editor in 0.00 ms.
Mono: successfully reloaded assembly
- Completed reload, in  0.909 seconds
Domain Reload Profiling:
	ReloadAssembly (909ms)
		BeginReloadAssembly (120ms)
			ExecutionOrderSort (0ms)
			DisableScriptedObjects (5ms)
			BackupInstance (0ms)
			ReleaseScriptingObjects (0ms)
			CreateAndSetChildDomain (39ms)
		EndReloadAssembly (705ms)
			LoadAssemblies (68ms)
			RebuildTransferFunctionScriptingTraits (0ms)
			SetupTypeCache (235ms)
			ReleaseScriptCaches (1ms)
			RebuildScriptCaches (37ms)
			SetupLoadedEditorAssemblies (327ms)
				LogAssemblyErrors (0ms)
				InitializePlatformSupportModulesInManaged (18ms)
				SetLoadedEditorAssemblies (0ms)
				RefreshPlugins (1ms)
				BeforeProcessingInitializeOnLoad (69ms)
				ProcessInitializeOnLoadAttributes (202ms)
				ProcessInitializeOnLoadMethodAttributes (29ms)
				AfterProcessingInitializeOnLoad (7ms)
				EditorAssembliesLoaded (0ms)
			ExecutionOrderSort2 (0ms)
			AwakeInstancesAfterBackupRestoration (5ms)
Platform modules already initialized, skipping
Shader 'Custom/EVP Particles Alpha Blended Shadows': fallback shader 'Particles/Alpha Blended' not found
Refreshing native plugins compatible for Editor in 2.74 ms, found 3 plugins.
Preloading 0 native plugins for Editor in 0.00 ms.
Unloading 4045 Unused Serialized files (Serialized files now loaded: 0)
Unloading 35 unused Assets / (1.3 MB). Loaded Objects now: 4769.
Memory consumption went from 191.5 MB to 190.1 MB.
Total: 3.851400 ms (FindLiveObjects: 0.669600 ms CreateObjectMapping: 0.113100 ms MarkObjects: 2.683000 ms  DeleteObjects: 0.383800 ms)

AssetImportParameters requested are different than current active one (requested -> active):
  custom:video-decoder-ogg-theora: a1e56fd34408186e4bbccfd4996cb3dc -> 
  custom:container-muxer-webm: aa71ff27fc2769a1b78a27578f13a17b -> 
  custom:container-demuxer-webm: 4f35f7cbe854078d1ac9338744f61a02 -> 
  custom:video-encoder-webm-vp8: eb34c28f22e8b96e1ab97ce403110664 -> 
  custom:audio-encoder-webm-vorbis: bf7c407c2cedff20999df2af8eb42d56 -> 
  custom:framework-win-MediaFoundation: 216162199b28c13a410421893ffa2e32 -> 
  custom:container-demuxer-ogg: 62fdf1f143b41e24485cea50d1cbac27 -> 
  custom:video-decoder-webm-vp8: 9c59270c3fd7afecdb556c50c9e8de78 -> 
  custom:audio-decoder-ogg-vorbis: bf7c407c2cedff20999df2af8eb42d56 -> 
========================================================================
Received Prepare
Registering precompiled user dll's ...
Registered in 0.006003 seconds.
Begin MonoManager ReloadAssembly
Symbol file LoadedFromMemory doesn't match image C:\Users\morga\Documents\GitHub\MrToadSpeedRacer\Mr Frog\Library\PackageCache\com.unity.visualscripting@1.7.6\Editor\VisualScripting.Core\Dependencies\YamlDotNet\Unity.VisualScripting.YamlDotNet.dll
Symbol file LoadedFromMemory doesn't match image C:\Users\morga\Documents\GitHub\MrToadSpeedRacer\Mr Frog\Library\PackageCache\com.unity.visualscripting@1.7.6\Editor\VisualScripting.Core\Dependencies\DotNetZip\Unity.VisualScripting.IonicZip.dll
Native extension for WindowsStandalone target not found
Native extension for Android target not found
Native extension for WebGL target not found
Refreshing native plugins compatible for Editor in 0.73 ms, found 3 plugins.
Preloading 0 native plugins for Editor in 0.00 ms.
Mono: successfully reloaded assembly
- Completed reload, in  0.913 seconds
Domain Reload Profiling:
	ReloadAssembly (914ms)
		BeginReloadAssembly (120ms)
			ExecutionOrderSort (0ms)
			DisableScriptedObjects (4ms)
			BackupInstance (0ms)
			ReleaseScriptingObjects (0ms)
			CreateAndSetChildDomain (38ms)
		EndReloadAssembly (709ms)
			LoadAssemblies (72ms)
			RebuildTransferFunctionScriptingTraits (0ms)
			SetupTypeCache (233ms)
			ReleaseScriptCaches (1ms)
			RebuildScriptCaches (38ms)
			SetupLoadedEditorAssemblies (326ms)
				LogAssemblyErrors (0ms)
				InitializePlatformSupportModulesInManaged (18ms)
				SetLoadedEditorAssemblies (0ms)
				RefreshPlugins (1ms)
				BeforeProcessingInitializeOnLoad (73ms)
				ProcessInitializeOnLoadAttributes (201ms)
				ProcessInitializeOnLoadMethodAttributes (27ms)
				AfterProcessingInitializeOnLoad (6ms)
				EditorAssembliesLoaded (0ms)
			ExecutionOrderSort2 (0ms)
			AwakeInstancesAfterBackupRestoration (5ms)
Platform modules already initialized, skipping
Shader 'Custom/EVP Particles Alpha Blended Shadows': fallback shader 'Particles/Alpha Blended' not found
Refreshing native plugins compatible for Editor in 2.40 ms, found 3 plugins.
Preloading 0 native plugins for Editor in 0.00 ms.
Unloading 4045 Unused Serialized files (Serialized files now loaded: 0)
Unloading 35 unused Assets / (1.3 MB). Loaded Objects now: 4772.
Memory consumption went from 191.5 MB to 190.1 MB.
Total: 3.866600 ms (FindLiveObjects: 0.651100 ms CreateObjectMapping: 0.118500 ms MarkObjects: 2.698000 ms  DeleteObjects: 0.396900 ms)

AssetImportParameters requested are different than current active one (requested -> active):
  custom:video-decoder-ogg-theora: a1e56fd34408186e4bbccfd4996cb3dc -> 
  custom:container-muxer-webm: aa71ff27fc2769a1b78a27578f13a17b -> 
  custom:container-demuxer-webm: 4f35f7cbe854078d1ac9338744f61a02 -> 
  custom:video-encoder-webm-vp8: eb34c28f22e8b96e1ab97ce403110664 -> 
  custom:audio-encoder-webm-vorbis: bf7c407c2cedff20999df2af8eb42d56 -> 
  custom:framework-win-MediaFoundation: 216162199b28c13a410421893ffa2e32 -> 
  custom:container-demuxer-ogg: 62fdf1f143b41e24485cea50d1cbac27 -> 
  custom:video-decoder-webm-vp8: 9c59270c3fd7afecdb556c50c9e8de78 -> 
  custom:audio-decoder-ogg-vorbis: bf7c407c2cedff20999df2af8eb42d56 -> 
========================================================================
Received Prepare
Registering precompiled user dll's ...
Registered in 0.005855 seconds.
Begin MonoManager ReloadAssembly
Symbol file LoadedFromMemory doesn't match image C:\Users\morga\Documents\GitHub\MrToadSpeedRacer\Mr Frog\Library\PackageCache\com.unity.visualscripting@1.7.6\Editor\VisualScripting.Core\Dependencies\YamlDotNet\Unity.VisualScripting.YamlDotNet.dll
Symbol file LoadedFromMemory doesn't match image C:\Users\morga\Documents\GitHub\MrToadSpeedRacer\Mr Frog\Library\PackageCache\com.unity.visualscripting@1.7.6\Editor\VisualScripting.Core\Dependencies\DotNetZip\Unity.VisualScripting.IonicZip.dll
Native extension for WindowsStandalone target not found
Native extension for Android target not found
Native extension for WebGL target not found
Refreshing native plugins compatible for Editor in 0.80 ms, found 3 plugins.
Preloading 0 native plugins for Editor in 0.00 ms.
Mono: successfully reloaded assembly
- Completed reload, in  0.926 seconds
Domain Reload Profiling:
	ReloadAssembly (927ms)
		BeginReloadAssembly (116ms)
			ExecutionOrderSort (0ms)
			DisableScriptedObjects (4ms)
			BackupInstance (0ms)
			ReleaseScriptingObjects (0ms)
			CreateAndSetChildDomain (37ms)
		EndReloadAssembly (725ms)
			LoadAssemblies (71ms)
			RebuildTransferFunctionScriptingTraits (0ms)
			SetupTypeCache (232ms)
			ReleaseScriptCaches (1ms)
			RebuildScriptCaches (38ms)
			SetupLoadedEditorAssemblies (344ms)
				LogAssemblyErrors (0ms)
				InitializePlatformSupportModulesInManaged (18ms)
				SetLoadedEditorAssemblies (0ms)
				RefreshPlugins (1ms)
				BeforeProcessingInitializeOnLoad (75ms)
				ProcessInitializeOnLoadAttributes (217ms)
				ProcessInitializeOnLoadMethodAttributes (26ms)
				AfterProcessingInitializeOnLoad (6ms)
				EditorAssembliesLoaded (0ms)
			ExecutionOrderSort2 (0ms)
			AwakeInstancesAfterBackupRestoration (5ms)
Platform modules already initialized, skipping
Shader 'Custom/EVP Particles Alpha Blended Shadows': fallback shader 'Particles/Alpha Blended' not found
Refreshing native plugins compatible for Editor in 2.52 ms, found 3 plugins.
Preloading 0 native plugins for Editor in 0.00 ms.
Unloading 4045 Unused Serialized files (Serialized files now loaded: 0)
Unloading 35 unused Assets / (1.3 MB). Loaded Objects now: 4775.
Memory consumption went from 191.5 MB to 190.1 MB.
Total: 3.939000 ms (FindLiveObjects: 0.381500 ms CreateObjectMapping: 0.119600 ms MarkObjects: 3.021900 ms  DeleteObjects: 0.414600 ms)

AssetImportParameters requested are different than current active one (requested -> active):
  custom:video-decoder-ogg-theora: a1e56fd34408186e4bbccfd4996cb3dc -> 
  custom:container-muxer-webm: aa71ff27fc2769a1b78a27578f13a17b -> 
  custom:container-demuxer-webm: 4f35f7cbe854078d1ac9338744f61a02 -> 
  custom:video-encoder-webm-vp8: eb34c28f22e8b96e1ab97ce403110664 -> 
  custom:audio-encoder-webm-vorbis: bf7c407c2cedff20999df2af8eb42d56 -> 
  custom:framework-win-MediaFoundation: 216162199b28c13a410421893ffa2e32 -> 
  custom:container-demuxer-ogg: 62fdf1f143b41e24485cea50d1cbac27 -> 
  custom:video-decoder-webm-vp8: 9c59270c3fd7afecdb556c50c9e8de78 -> 
  custom:audio-decoder-ogg-vorbis: bf7c407c2cedff20999df2af8eb42d56 -> 
========================================================================
Received Import Request.
  Time since last request: 509.901643 seconds.
  path: Assets/DragonFly.fbx
  artifactKey: Guid(2c471b7d05b0f6840a53a9515ad6e636) Importer(815301076,1909f56bfc062723c751e8b465ee728b)
Start importing Assets/DragonFly.fbx using Guid(2c471b7d05b0f6840a53a9515ad6e636) Importer(815301076,1909f56bfc062723c751e8b465ee728b)  -> (artifact id: '73c050bda0736876f9e17325a832664a') in 0.126683 seconds 
========================================================================
Received Import Request.
  Time since last request: 0.000025 seconds.
  path: Assets/LightningBug.fbx
  artifactKey: Guid(d392c910a739a5447ac06221957e6328) Importer(815301076,1909f56bfc062723c751e8b465ee728b)
Start importing Assets/LightningBug.fbx using Guid(d392c910a739a5447ac06221957e6328) Importer(815301076,1909f56bfc062723c751e8b465ee728b)  -> (artifact id: 'bb478ca35b0fa52cb0e79dcc84c12585') in 0.088020 seconds 
========================================================================
Received Import Request.
  Time since last request: 14.185437 seconds.
  path: Assets/DragonFly.fbx
  artifactKey: Guid(2c471b7d05b0f6840a53a9515ad6e636) Importer(815301076,1909f56bfc062723c751e8b465ee728b)
Start importing Assets/DragonFly.fbx using Guid(2c471b7d05b0f6840a53a9515ad6e636) Importer(815301076,1909f56bfc062723c751e8b465ee728b)  -> (artifact id: '96dbf157bd9dec58a03bf12f31cd642c') in 0.041250 seconds 
========================================================================
Received Import Request.
  Time since last request: 0.000021 seconds.
  path: Assets/LightningBug.fbx
  artifactKey: Guid(d392c910a739a5447ac06221957e6328) Importer(815301076,1909f56bfc062723c751e8b465ee728b)
Start importing Assets/LightningBug.fbx using Guid(d392c910a739a5447ac06221957e6328) Importer(815301076,1909f56bfc062723c751e8b465ee728b)  -> (artifact id: '594febd10b2d4345421ac797ee5a9cf6') in 0.078981 seconds 
========================================================================
Received Import Request.
  Time since last request: 8.301671 seconds.
  path: Assets/time pickup.prefab
  artifactKey: Guid(5c82527b5dff9a649a92b2840965022d) Importer(815301076,1909f56bfc062723c751e8b465ee728b)
Start importing Assets/time pickup.prefab using Guid(5c82527b5dff9a649a92b2840965022d) Importer(815301076,1909f56bfc062723c751e8b465ee728b)  -> (artifact id: 'fd373bc4ff5acf793838978d71bfe811') in 0.017815 seconds 
========================================================================
Received Import Request.
  Time since last request: 12.989111 seconds.
  path: Assets/time pickup.prefab
  artifactKey: Guid(5c82527b5dff9a649a92b2840965022d) Importer(815301076,1909f56bfc062723c751e8b465ee728b)
Start importing Assets/time pickup.prefab using Guid(5c82527b5dff9a649a92b2840965022d) Importer(815301076,1909f56bfc062723c751e8b465ee728b)  -> (artifact id: 'e4963bcbea5b5aca4199e658292a2ac7') in 0.013485 seconds 
========================================================================
Received Import Request.
  Time since last request: 2.245134 seconds.
  path: Assets/time pickup.prefab
  artifactKey: Guid(5c82527b5dff9a649a92b2840965022d) Importer(815301076,1909f56bfc062723c751e8b465ee728b)
Start importing Assets/time pickup.prefab using Guid(5c82527b5dff9a649a92b2840965022d) Importer(815301076,1909f56bfc062723c751e8b465ee728b)  -> (artifact id: '03bccf634dad20af05c4368732df7daa') in 0.013390 seconds 
========================================================================
Received Import Request.
  Time since last request: 1.844083 seconds.
  path: Assets/time pickup.prefab
  artifactKey: Guid(5c82527b5dff9a649a92b2840965022d) Importer(815301076,1909f56bfc062723c751e8b465ee728b)
Start importing Assets/time pickup.prefab using Guid(5c82527b5dff9a649a92b2840965022d) Importer(815301076,1909f56bfc062723c751e8b465ee728b)  -> (artifact id: '1d9e09b0c6c674618a148a677920b117') in 0.013107 seconds 
========================================================================
Received Import Request.
  Time since last request: 8.845537 seconds.
  path: Assets/time pickup.prefab
  artifactKey: Guid(5c82527b5dff9a649a92b2840965022d) Importer(815301076,1909f56bfc062723c751e8b465ee728b)
Start importing Assets/time pickup.prefab using Guid(5c82527b5dff9a649a92b2840965022d) Importer(815301076,1909f56bfc062723c751e8b465ee728b)  -> (artifact id: '3b7e0613fd9665bf45d18845b8766f9a') in 0.014093 seconds 
========================================================================
Received Import Request.
  Time since last request: 0.989416 seconds.
  path: Assets/time pickup.prefab
  artifactKey: Guid(5c82527b5dff9a649a92b2840965022d) Importer(815301076,1909f56bfc062723c751e8b465ee728b)
Start importing Assets/time pickup.prefab using Guid(5c82527b5dff9a649a92b2840965022d) Importer(815301076,1909f56bfc062723c751e8b465ee728b)  -> (artifact id: '9d1b709e45580bb05f675d8bb67a87f8') in 0.012368 seconds 
========================================================================
Received Import Request.
  Time since last request: 1.997085 seconds.
  path: Assets/time pickup.prefab
  artifactKey: Guid(5c82527b5dff9a649a92b2840965022d) Importer(815301076,1909f56bfc062723c751e8b465ee728b)
Start importing Assets/time pickup.prefab using Guid(5c82527b5dff9a649a92b2840965022d) Importer(815301076,1909f56bfc062723c751e8b465ee728b)  -> (artifact id: '54a806d89c4068c8872fc3820700640b') in 0.014296 seconds 
========================================================================
Received Import Request.
  Time since last request: 8.833232 seconds.
  path: Assets/time pickup.prefab
  artifactKey: Guid(5c82527b5dff9a649a92b2840965022d) Importer(815301076,1909f56bfc062723c751e8b465ee728b)
Start importing Assets/time pickup.prefab using Guid(5c82527b5dff9a649a92b2840965022d) Importer(815301076,1909f56bfc062723c751e8b465ee728b)  -> (artifact id: '28400084700a35848b0e8d4f91d6e270') in 0.012067 seconds 
========================================================================
Received Import Request.
  Time since last request: 2.796841 seconds.
  path: Assets/time pickup.prefab
  artifactKey: Guid(5c82527b5dff9a649a92b2840965022d) Importer(815301076,1909f56bfc062723c751e8b465ee728b)
Start importing Assets/time pickup.prefab using Guid(5c82527b5dff9a649a92b2840965022d) Importer(815301076,1909f56bfc062723c751e8b465ee728b)  -> (artifact id: '2abba1ca0ac0683f71e9207b17ef42ec') in 0.012039 seconds 
========================================================================
Received Import Request.
  Time since last request: 10.715987 seconds.
  path: Assets/time pickup.prefab
  artifactKey: Guid(5c82527b5dff9a649a92b2840965022d) Importer(815301076,1909f56bfc062723c751e8b465ee728b)
Start importing Assets/time pickup.prefab using Guid(5c82527b5dff9a649a92b2840965022d) Importer(815301076,1909f56bfc062723c751e8b465ee728b)  -> (artifact id: 'd7730f155e0e542819276665b5862849') in 0.012728 seconds 
========================================================================
Received Import Request.
  Time since last request: 3.077698 seconds.
  path: Assets/time pickup.prefab
  artifactKey: Guid(5c82527b5dff9a649a92b2840965022d) Importer(815301076,1909f56bfc062723c751e8b465ee728b)
Start importing Assets/time pickup.prefab using Guid(5c82527b5dff9a649a92b2840965022d) Importer(815301076,1909f56bfc062723c751e8b465ee728b)  -> (artifact id: '1accbebebb950a6c63fb99f2d256632a') in 0.012899 seconds 
========================================================================
Received Import Request.
  Time since last request: 1.473304 seconds.
  path: Assets/time pickup.prefab
  artifactKey: Guid(5c82527b5dff9a649a92b2840965022d) Importer(815301076,1909f56bfc062723c751e8b465ee728b)
Start importing Assets/time pickup.prefab using Guid(5c82527b5dff9a649a92b2840965022d) Importer(815301076,1909f56bfc062723c751e8b465ee728b)  -> (artifact id: '3aa51613729c22a758f0f41ae19b514b') in 0.015796 seconds 
========================================================================
Received Import Request.
  Time since last request: 10.249223 seconds.
  path: Assets/time pickup.prefab
  artifactKey: Guid(5c82527b5dff9a649a92b2840965022d) Importer(815301076,1909f56bfc062723c751e8b465ee728b)
Start importing Assets/time pickup.prefab using Guid(5c82527b5dff9a649a92b2840965022d) Importer(815301076,1909f56bfc062723c751e8b465ee728b)  -> (artifact id: 'dddfcd26368df5633ba429b1e6d7d3ff') in 0.012745 seconds 
========================================================================
Received Import Request.
  Time since last request: 2.060513 seconds.
  path: Assets/time pickup.prefab
  artifactKey: Guid(5c82527b5dff9a649a92b2840965022d) Importer(815301076,1909f56bfc062723c751e8b465ee728b)
Start importing Assets/time pickup.prefab using Guid(5c82527b5dff9a649a92b2840965022d) Importer(815301076,1909f56bfc062723c751e8b465ee728b)  -> (artifact id: 'f7b7c497f3e54a2cb0f162befb36d53e') in 0.013790 seconds 
========================================================================
Received Import Request.
  Time since last request: 8.304626 seconds.
  path: Assets/time pickup.prefab
  artifactKey: Guid(5c82527b5dff9a649a92b2840965022d) Importer(815301076,1909f56bfc062723c751e8b465ee728b)
Start importing Assets/time pickup.prefab using Guid(5c82527b5dff9a649a92b2840965022d) Importer(815301076,1909f56bfc062723c751e8b465ee728b)  -> (artifact id: '9f01c668c78e67ff5f075dbc3509ec2c') in 0.012278 seconds 
========================================================================
Received Import Request.
  Time since last request: 4.812889 seconds.
  path: Assets/time pickup.prefab
  artifactKey: Guid(5c82527b5dff9a649a92b2840965022d) Importer(815301076,1909f56bfc062723c751e8b465ee728b)
Start importing Assets/time pickup.prefab using Guid(5c82527b5dff9a649a92b2840965022d) Importer(815301076,1909f56bfc062723c751e8b465ee728b)  -> (artifact id: '6f5948f37482b550d9b53613de266e6b') in 0.012514 seconds 
========================================================================
Received Import Request.
  Time since last request: 1.033522 seconds.
  path: Assets/time pickup.prefab
  artifactKey: Guid(5c82527b5dff9a649a92b2840965022d) Importer(815301076,1909f56bfc062723c751e8b465ee728b)
Start importing Assets/time pickup.prefab using Guid(5c82527b5dff9a649a92b2840965022d) Importer(815301076,1909f56bfc062723c751e8b465ee728b)  -> (artifact id: '6c39ca1d3331d9fa62b83be827600dc2') in 0.014981 seconds 
========================================================================
Received Import Request.
  Time since last request: 4.101796 seconds.
  path: Assets/time pickup.prefab
  artifactKey: Guid(5c82527b5dff9a649a92b2840965022d) Importer(815301076,1909f56bfc062723c751e8b465ee728b)
Start importing Assets/time pickup.prefab using Guid(5c82527b5dff9a649a92b2840965022d) Importer(815301076,1909f56bfc062723c751e8b465ee728b)  -> (artifact id: '91fffd21e5d65a93814df09eee25d15a') in 0.013606 seconds 
========================================================================
Received Import Request.
  Time since last request: 2.046667 seconds.
  path: Assets/time pickup.prefab
  artifactKey: Guid(5c82527b5dff9a649a92b2840965022d) Importer(815301076,1909f56bfc062723c751e8b465ee728b)
Start importing Assets/time pickup.prefab using Guid(5c82527b5dff9a649a92b2840965022d) Importer(815301076,1909f56bfc062723c751e8b465ee728b)  -> (artifact id: '5b2d109577b268b1e8451dd7c5496849') in 0.014549 seconds 
========================================================================
Received Import Request.
  Time since last request: 4.000162 seconds.
  path: Assets/time pickup.prefab
  artifactKey: Guid(5c82527b5dff9a649a92b2840965022d) Importer(815301076,1909f56bfc062723c751e8b465ee728b)
Start importing Assets/time pickup.prefab using Guid(5c82527b5dff9a649a92b2840965022d) Importer(815301076,1909f56bfc062723c751e8b465ee728b)  -> (artifact id: 'a451ef227c2a0853712ef059de8d8e92') in 0.007022 seconds 
========================================================================
Received Import Request.
  Time since last request: 1.596068 seconds.
  path: Assets/time pickup.prefab
  artifactKey: Guid(5c82527b5dff9a649a92b2840965022d) Importer(815301076,1909f56bfc062723c751e8b465ee728b)
Start importing Assets/time pickup.prefab using Guid(5c82527b5dff9a649a92b2840965022d) Importer(815301076,1909f56bfc062723c751e8b465ee728b)  -> (artifact id: 'b1fa6eb8f4531fd4d87f065117ed0d47') in 0.012688 seconds 
========================================================================
Received Import Request.
  Time since last request: 5.622044 seconds.
  path: Assets/time pickup.prefab
  artifactKey: Guid(5c82527b5dff9a649a92b2840965022d) Importer(815301076,1909f56bfc062723c751e8b465ee728b)
Start importing Assets/time pickup.prefab using Guid(5c82527b5dff9a649a92b2840965022d) Importer(815301076,1909f56bfc062723c751e8b465ee728b)  -> (artifact id: '9dfcafd836971230edef5a54a6499fe2') in 0.013229 seconds 
========================================================================
Received Import Request.
  Time since last request: 1.800922 seconds.
  path: Assets/time pickup.prefab
  artifactKey: Guid(5c82527b5dff9a649a92b2840965022d) Importer(815301076,1909f56bfc062723c751e8b465ee728b)
Start importing Assets/time pickup.prefab using Guid(5c82527b5dff9a649a92b2840965022d) Importer(815301076,1909f56bfc062723c751e8b465ee728b)  -> (artifact id: '651b735aaeb8b14a59be4c374cda4372') in 0.013239 seconds 
========================================================================
Received Import Request.
  Time since last request: 3.843418 seconds.
  path: Assets/time pickup.prefab
  artifactKey: Guid(5c82527b5dff9a649a92b2840965022d) Importer(815301076,1909f56bfc062723c751e8b465ee728b)
Start importing Assets/time pickup.prefab using Guid(5c82527b5dff9a649a92b2840965022d) Importer(815301076,1909f56bfc062723c751e8b465ee728b)  -> (artifact id: '8387fd981eb0fe683dcab67199106b3d') in 0.013220 seconds 
========================================================================
Received Import Request.
  Time since last request: 2.837358 seconds.
  path: Assets/time pickup.prefab
  artifactKey: Guid(5c82527b5dff9a649a92b2840965022d) Importer(815301076,1909f56bfc062723c751e8b465ee728b)
Start importing Assets/time pickup.prefab using Guid(5c82527b5dff9a649a92b2840965022d) Importer(815301076,1909f56bfc062723c751e8b465ee728b)  -> (artifact id: '9df931a1bb37f99fbbcb5fc60f56d27d') in 0.013342 seconds 
========================================================================
Received Import Request.
  Time since last request: 4.273053 seconds.
  path: Assets/time pickup.prefab
  artifactKey: Guid(5c82527b5dff9a649a92b2840965022d) Importer(815301076,1909f56bfc062723c751e8b465ee728b)
Start importing Assets/time pickup.prefab using Guid(5c82527b5dff9a649a92b2840965022d) Importer(815301076,1909f56bfc062723c751e8b465ee728b)  -> (artifact id: '642416a790b8fc115d8b851f3743f0dc') in 0.013096 seconds 
========================================================================
Received Import Request.
  Time since last request: 9.446080 seconds.
  path: Assets/time pickup.prefab
  artifactKey: Guid(5c82527b5dff9a649a92b2840965022d) Importer(815301076,1909f56bfc062723c751e8b465ee728b)
Start importing Assets/time pickup.prefab using Guid(5c82527b5dff9a649a92b2840965022d) Importer(815301076,1909f56bfc062723c751e8b465ee728b)  -> (artifact id: '3ff51f5675aaa7153af4861c3ca332ac') in 0.013002 seconds 
========================================================================
Received Import Request.
  Time since last request: 7.249281 seconds.
  path: Assets/time pickup.prefab
  artifactKey: Guid(5c82527b5dff9a649a92b2840965022d) Importer(815301076,1909f56bfc062723c751e8b465ee728b)
Start importing Assets/time pickup.prefab using Guid(5c82527b5dff9a649a92b2840965022d) Importer(815301076,1909f56bfc062723c751e8b465ee728b)  -> (artifact id: '7cb3014414cd120be677a12004721fee') in 0.013010 seconds 
========================================================================
Received Import Request.
  Time since last request: 9.246474 seconds.
  path: Assets/New Material 3.mat
  artifactKey: Guid(4bde4da3face85f43b335a00a37de0e8) Importer(815301076,1909f56bfc062723c751e8b465ee728b)
Start importing Assets/New Material 3.mat using Guid(4bde4da3face85f43b335a00a37de0e8) Importer(815301076,1909f56bfc062723c751e8b465ee728b)  -> (artifact id: '23b02ae789af28be8137c5aae669f8f2') in 0.014801 seconds 
========================================================================
Received Import Request.
  Time since last request: 0.000022 seconds.
  path: Assets/time pickup.prefab
  artifactKey: Guid(5c82527b5dff9a649a92b2840965022d) Importer(815301076,1909f56bfc062723c751e8b465ee728b)
Start importing Assets/time pickup.prefab using Guid(5c82527b5dff9a649a92b2840965022d) Importer(815301076,1909f56bfc062723c751e8b465ee728b)  -> (artifact id: '72e11de3ada2453148ed35b1da401d39') in 0.012079 seconds 
========================================================================
Received Import Request.
  Time since last request: 0.450694 seconds.
  path: Assets/time pickup 2.prefab
  artifactKey: Guid(aed9599231964a84f8b3da619b049fc8) Importer(815301076,1909f56bfc062723c751e8b465ee728b)
Start importing Assets/time pickup 2.prefab using Guid(aed9599231964a84f8b3da619b049fc8) Importer(815301076,1909f56bfc062723c751e8b465ee728b)  -> (artifact id: 'cb59dbac719889c7c9bf00bd7d9d33c9') in 0.014482 seconds 
========================================================================
Received Import Request.
  Time since last request: 8.533675 seconds.
  path: Assets/time pickup 1.prefab
  artifactKey: Guid(0496c0c9ab8992845a246857349b4913) Importer(815301076,1909f56bfc062723c751e8b465ee728b)
Start importing Assets/time pickup 1.prefab using Guid(0496c0c9ab8992845a246857349b4913) Importer(815301076,1909f56bfc062723c751e8b465ee728b)  -> (artifact id: '4b038c020722fcd7db2d80754a930934') in 0.006430 seconds 
========================================================================
Received Import Request.
  Time since last request: 1.795226 seconds.
  path: Assets/time pickup 1.prefab
  artifactKey: Guid(0496c0c9ab8992845a246857349b4913) Importer(815301076,1909f56bfc062723c751e8b465ee728b)
Start importing Assets/time pickup 1.prefab using Guid(0496c0c9ab8992845a246857349b4913) Importer(815301076,1909f56bfc062723c751e8b465ee728b)  -> (artifact id: '4c2bf7532a8a289a0a97f4ebbd259ec2') in 0.013543 seconds 
========================================================================
Received Import Request.
  Time since last request: 3.238598 seconds.
  path: Assets/time pickup 2.prefab
  artifactKey: Guid(aed9599231964a84f8b3da619b049fc8) Importer(815301076,1909f56bfc062723c751e8b465ee728b)
Start importing Assets/time pickup 2.prefab using Guid(aed9599231964a84f8b3da619b049fc8) Importer(815301076,1909f56bfc062723c751e8b465ee728b)  -> (artifact id: '107c3870c03395f359c1e17fc8d3618c') in 0.006721 seconds 
========================================================================
Received Import Request.
  Time since last request: 2.373219 seconds.
  path: Assets/time pickup 2.prefab
  artifactKey: Guid(aed9599231964a84f8b3da619b049fc8) Importer(815301076,1909f56bfc062723c751e8b465ee728b)
Start importing Assets/time pickup 2.prefab using Guid(aed9599231964a84f8b3da619b049fc8) Importer(815301076,1909f56bfc062723c751e8b465ee728b)  -> (artifact id: '65823f961eb514d69ea326dcdfa18441') in 0.012721 seconds 
========================================================================
Received Import Request.
  Time since last request: 8.886205 seconds.
  path: Assets/Endless Runner Generator/Chunk Prefab.prefab
  artifactKey: Guid(81fef859b2268a543a75d3f2542a8173) Importer(815301076,1909f56bfc062723c751e8b465ee728b)
Start importing Assets/Endless Runner Generator/Chunk Prefab.prefab using Guid(81fef859b2268a543a75d3f2542a8173) Importer(815301076,1909f56bfc062723c751e8b465ee728b)  -> (artifact id: 'f837b5506cc5374ce48bcaa06351264e') in 0.112911 seconds 
========================================================================
Received Prepare
Registering precompiled user dll's ...
Registered in 0.006109 seconds.
Begin MonoManager ReloadAssembly
Symbol file LoadedFromMemory doesn't match image C:\Users\morga\Documents\GitHub\MrToadSpeedRacer\Mr Frog\Library\PackageCache\com.unity.visualscripting@1.7.6\Editor\VisualScripting.Core\Dependencies\YamlDotNet\Unity.VisualScripting.YamlDotNet.dll
Symbol file LoadedFromMemory doesn't match image C:\Users\morga\Documents\GitHub\MrToadSpeedRacer\Mr Frog\Library\PackageCache\com.unity.visualscripting@1.7.6\Editor\VisualScripting.Core\Dependencies\DotNetZip\Unity.VisualScripting.IonicZip.dll
Native extension for WindowsStandalone target not found
Native extension for Android target not found
Native extension for WebGL target not found
Refreshing native plugins compatible for Editor in 0.93 ms, found 3 plugins.
Preloading 0 native plugins for Editor in 0.00 ms.
Mono: successfully reloaded assembly
- Completed reload, in  0.906 seconds
Domain Reload Profiling:
	ReloadAssembly (907ms)
		BeginReloadAssembly (115ms)
			ExecutionOrderSort (0ms)
			DisableScriptedObjects (4ms)
			BackupInstance (0ms)
			ReleaseScriptingObjects (0ms)
			CreateAndSetChildDomain (34ms)
		EndReloadAssembly (707ms)
			LoadAssemblies (72ms)
			RebuildTransferFunctionScriptingTraits (0ms)
			SetupTypeCache (251ms)
			ReleaseScriptCaches (1ms)
			RebuildScriptCaches (38ms)
			SetupLoadedEditorAssemblies (306ms)
				LogAssemblyErrors (0ms)
				InitializePlatformSupportModulesInManaged (18ms)
				SetLoadedEditorAssemblies (0ms)
				RefreshPlugins (1ms)
				BeforeProcessingInitializeOnLoad (68ms)
				ProcessInitializeOnLoadAttributes (188ms)
				ProcessInitializeOnLoadMethodAttributes (24ms)
				AfterProcessingInitializeOnLoad (5ms)
				EditorAssembliesLoaded (0ms)
			ExecutionOrderSort2 (0ms)
			AwakeInstancesAfterBackupRestoration (5ms)
Platform modules already initialized, skipping
Shader 'Custom/EVP Particles Alpha Blended Shadows': fallback shader 'Particles/Alpha Blended' not found
Refreshing native plugins compatible for Editor in 2.17 ms, found 3 plugins.
Preloading 0 native plugins for Editor in 0.00 ms.
Unloading 4045 Unused Serialized files (Serialized files now loaded: 0)
Unloading 36 unused Assets / (1.4 MB). Loaded Objects now: 4821.
Memory consumption went from 192.8 MB to 191.5 MB.
Total: 3.596600 ms (FindLiveObjects: 0.376200 ms CreateObjectMapping: 0.105800 ms MarkObjects: 2.670400 ms  DeleteObjects: 0.443000 ms)

AssetImportParameters requested are different than current active one (requested -> active):
  custom:video-decoder-ogg-theora: a1e56fd34408186e4bbccfd4996cb3dc -> 
  custom:container-muxer-webm: aa71ff27fc2769a1b78a27578f13a17b -> 
  custom:container-demuxer-webm: 4f35f7cbe854078d1ac9338744f61a02 -> 
  custom:video-encoder-webm-vp8: eb34c28f22e8b96e1ab97ce403110664 -> 
  custom:audio-encoder-webm-vorbis: bf7c407c2cedff20999df2af8eb42d56 -> 
  custom:framework-win-MediaFoundation: 216162199b28c13a410421893ffa2e32 -> 
  custom:container-demuxer-ogg: 62fdf1f143b41e24485cea50d1cbac27 -> 
  custom:video-decoder-webm-vp8: 9c59270c3fd7afecdb556c50c9e8de78 -> 
  custom:audio-decoder-ogg-vorbis: bf7c407c2cedff20999df2af8eb42d56 -> 
========================================================================
Received Import Request.
  Time since last request: 47.797076 seconds.
  path: Assets/time pickup 1.prefab
  artifactKey: Guid(0496c0c9ab8992845a246857349b4913) Importer(815301076,1909f56bfc062723c751e8b465ee728b)
Start importing Assets/time pickup 1.prefab using Guid(0496c0c9ab8992845a246857349b4913) Importer(815301076,1909f56bfc062723c751e8b465ee728b)  -> (artifact id: '28ad6478e6be20b48d95987f10755928') in 0.068069 seconds 
========================================================================
Received Import Request.
  Time since last request: 10.008904 seconds.
  path: Assets/time pickup 2.prefab
  artifactKey: Guid(aed9599231964a84f8b3da619b049fc8) Importer(815301076,1909f56bfc062723c751e8b465ee728b)
Start importing Assets/time pickup 2.prefab using Guid(aed9599231964a84f8b3da619b049fc8) Importer(815301076,1909f56bfc062723c751e8b465ee728b)  -> (artifact id: 'cf070732c87d62562ee3c4f334a9f86f') in 0.012296 seconds 
========================================================================
Received Import Request.
  Time since last request: 4.571533 seconds.
  path: Assets/time pickup.prefab
  artifactKey: Guid(5c82527b5dff9a649a92b2840965022d) Importer(815301076,1909f56bfc062723c751e8b465ee728b)
Start importing Assets/time pickup.prefab using Guid(5c82527b5dff9a649a92b2840965022d) Importer(815301076,1909f56bfc062723c751e8b465ee728b)  -> (artifact id: '6d197e39c70b3015a6fb3bbbadd9ea52') in 0.013365 seconds 
========================================================================
Received Prepare
Registering precompiled user dll's ...
Registered in 0.005636 seconds.
Begin MonoManager ReloadAssembly
Symbol file LoadedFromMemory doesn't match image C:\Users\morga\Documents\GitHub\MrToadSpeedRacer\Mr Frog\Library\PackageCache\com.unity.visualscripting@1.7.6\Editor\VisualScripting.Core\Dependencies\YamlDotNet\Unity.VisualScripting.YamlDotNet.dll
Symbol file LoadedFromMemory doesn't match image C:\Users\morga\Documents\GitHub\MrToadSpeedRacer\Mr Frog\Library\PackageCache\com.unity.visualscripting@1.7.6\Editor\VisualScripting.Core\Dependencies\DotNetZip\Unity.VisualScripting.IonicZip.dll
Native extension for WindowsStandalone target not found
Native extension for Android target not found
Native extension for WebGL target not found
Refreshing native plugins compatible for Editor in 0.90 ms, found 3 plugins.
Preloading 0 native plugins for Editor in 0.00 ms.
Mono: successfully reloaded assembly
- Completed reload, in  0.893 seconds
Domain Reload Profiling:
	ReloadAssembly (893ms)
		BeginReloadAssembly (120ms)
			ExecutionOrderSort (0ms)
			DisableScriptedObjects (4ms)
			BackupInstance (0ms)
			ReleaseScriptingObjects (0ms)
			CreateAndSetChildDomain (37ms)
		EndReloadAssembly (688ms)
			LoadAssemblies (71ms)
			RebuildTransferFunctionScriptingTraits (0ms)
			SetupTypeCache (232ms)
			ReleaseScriptCaches (1ms)
			RebuildScriptCaches (37ms)
			SetupLoadedEditorAssemblies (312ms)
				LogAssemblyErrors (0ms)
				InitializePlatformSupportModulesInManaged (18ms)
				SetLoadedEditorAssemblies (0ms)
				RefreshPlugins (1ms)
				BeforeProcessingInitializeOnLoad (68ms)
				ProcessInitializeOnLoadAttributes (192ms)
				ProcessInitializeOnLoadMethodAttributes (26ms)
				AfterProcessingInitializeOnLoad (6ms)
				EditorAssembliesLoaded (0ms)
			ExecutionOrderSort2 (0ms)
			AwakeInstancesAfterBackupRestoration (5ms)
Platform modules already initialized, skipping
Shader 'Custom/EVP Particles Alpha Blended Shadows': fallback shader 'Particles/Alpha Blended' not found
Refreshing native plugins compatible for Editor in 2.86 ms, found 3 plugins.
Preloading 0 native plugins for Editor in 0.00 ms.
Unloading 4045 Unused Serialized files (Serialized files now loaded: 0)
Unloading 35 unused Assets / (1.3 MB). Loaded Objects now: 4824.
Memory consumption went from 192.8 MB to 191.5 MB.
Total: 4.170800 ms (FindLiveObjects: 0.452400 ms CreateObjectMapping: 0.113700 ms MarkObjects: 3.020600 ms  DeleteObjects: 0.582600 ms)

AssetImportParameters requested are different than current active one (requested -> active):
  custom:video-decoder-ogg-theora: a1e56fd34408186e4bbccfd4996cb3dc -> 
  custom:container-muxer-webm: aa71ff27fc2769a1b78a27578f13a17b -> 
  custom:container-demuxer-webm: 4f35f7cbe854078d1ac9338744f61a02 -> 
  custom:video-encoder-webm-vp8: eb34c28f22e8b96e1ab97ce403110664 -> 
  custom:audio-encoder-webm-vorbis: bf7c407c2cedff20999df2af8eb42d56 -> 
  custom:framework-win-MediaFoundation: 216162199b28c13a410421893ffa2e32 -> 
  custom:container-demuxer-ogg: 62fdf1f143b41e24485cea50d1cbac27 -> 
  custom:video-decoder-webm-vp8: 9c59270c3fd7afecdb556c50c9e8de78 -> 
  custom:audio-decoder-ogg-vorbis: bf7c407c2cedff20999df2af8eb42d56 -> 
========================================================================
Received Prepare
Registering precompiled user dll's ...
Registered in 0.005733 seconds.
Begin MonoManager ReloadAssembly
Symbol file LoadedFromMemory doesn't match image C:\Users\morga\Documents\GitHub\MrToadSpeedRacer\Mr Frog\Library\PackageCache\com.unity.visualscripting@1.7.6\Editor\VisualScripting.Core\Dependencies\YamlDotNet\Unity.VisualScripting.YamlDotNet.dll
Symbol file LoadedFromMemory doesn't match image C:\Users\morga\Documents\GitHub\MrToadSpeedRacer\Mr Frog\Library\PackageCache\com.unity.visualscripting@1.7.6\Editor\VisualScripting.Core\Dependencies\DotNetZip\Unity.VisualScripting.IonicZip.dll
Native extension for WindowsStandalone target not found
Native extension for Android target not found
Native extension for WebGL target not found
Refreshing native plugins compatible for Editor in 0.98 ms, found 3 plugins.
Preloading 0 native plugins for Editor in 0.00 ms.
Mono: successfully reloaded assembly
- Completed reload, in  0.914 seconds
Domain Reload Profiling:
	ReloadAssembly (914ms)
		BeginReloadAssembly (118ms)
			ExecutionOrderSort (0ms)
			DisableScriptedObjects (4ms)
			BackupInstance (0ms)
			ReleaseScriptingObjects (0ms)
			CreateAndSetChildDomain (34ms)
		EndReloadAssembly (706ms)
			LoadAssemblies (71ms)
			RebuildTransferFunctionScriptingTraits (0ms)
			SetupTypeCache (229ms)
			ReleaseScriptCaches (1ms)
			RebuildScriptCaches (43ms)
			SetupLoadedEditorAssemblies (327ms)
				LogAssemblyErrors (0ms)
				InitializePlatformSupportModulesInManaged (20ms)
				SetLoadedEditorAssemblies (0ms)
				RefreshPlugins (1ms)
				BeforeProcessingInitializeOnLoad (71ms)
				ProcessInitializeOnLoadAttributes (201ms)
				ProcessInitializeOnLoadMethodAttributes (25ms)
				AfterProcessingInitializeOnLoad (8ms)
				EditorAssembliesLoaded (0ms)
			ExecutionOrderSort2 (0ms)
			AwakeInstancesAfterBackupRestoration (5ms)
Platform modules already initialized, skipping
Shader 'Custom/EVP Particles Alpha Blended Shadows': fallback shader 'Particles/Alpha Blended' not found
Refreshing native plugins compatible for Editor in 2.15 ms, found 3 plugins.
Preloading 0 native plugins for Editor in 0.00 ms.
Unloading 4045 Unused Serialized files (Serialized files now loaded: 0)
Unloading 35 unused Assets / (1.4 MB). Loaded Objects now: 4827.
Memory consumption went from 192.9 MB to 191.5 MB.
Total: 3.409100 ms (FindLiveObjects: 0.380300 ms CreateObjectMapping: 0.108300 ms MarkObjects: 2.512400 ms  DeleteObjects: 0.406300 ms)

AssetImportParameters requested are different than current active one (requested -> active):
  custom:video-decoder-ogg-theora: a1e56fd34408186e4bbccfd4996cb3dc -> 
  custom:container-muxer-webm: aa71ff27fc2769a1b78a27578f13a17b -> 
  custom:container-demuxer-webm: 4f35f7cbe854078d1ac9338744f61a02 -> 
  custom:video-encoder-webm-vp8: eb34c28f22e8b96e1ab97ce403110664 -> 
  custom:audio-encoder-webm-vorbis: bf7c407c2cedff20999df2af8eb42d56 -> 
  custom:framework-win-MediaFoundation: 216162199b28c13a410421893ffa2e32 -> 
  custom:container-demuxer-ogg: 62fdf1f143b41e24485cea50d1cbac27 -> 
  custom:video-decoder-webm-vp8: 9c59270c3fd7afecdb556c50c9e8de78 -> 
  custom:audio-decoder-ogg-vorbis: bf7c407c2cedff20999df2af8eb42d56 -> 
========================================================================
Received Prepare
Shader 'Custom/EVP Particles Alpha Blended Shadows': fallback shader 'Particles/Alpha Blended' not found
Refreshing native plugins compatible for Editor in 4.27 ms, found 3 plugins.
Preloading 0 native plugins for Editor in 0.00 ms.
Unloading 35 Unused Serialized files (Serialized files now loaded: 0)
Unloading 35 unused Assets / (1.3 MB). Loaded Objects now: 4827.
Memory consumption went from 112.6 MB to 111.3 MB.
Total: 3.245200 ms (FindLiveObjects: 0.376100 ms CreateObjectMapping: 0.106300 ms MarkObjects: 2.384200 ms  DeleteObjects: 0.377700 ms)

AssetImportParameters requested are different than current active one (requested -> active):
  custom:video-decoder-ogg-theora: a1e56fd34408186e4bbccfd4996cb3dc -> 
  custom:container-muxer-webm: aa71ff27fc2769a1b78a27578f13a17b -> 
  custom:container-demuxer-webm: 4f35f7cbe854078d1ac9338744f61a02 -> 
  custom:video-encoder-webm-vp8: eb34c28f22e8b96e1ab97ce403110664 -> 
  custom:audio-encoder-webm-vorbis: bf7c407c2cedff20999df2af8eb42d56 -> 
  custom:framework-win-MediaFoundation: 216162199b28c13a410421893ffa2e32 -> 
  custom:container-demuxer-ogg: 62fdf1f143b41e24485cea50d1cbac27 -> 
  custom:video-decoder-webm-vp8: 9c59270c3fd7afecdb556c50c9e8de78 -> 
  custom:audio-decoder-ogg-vorbis: bf7c407c2cedff20999df2af8eb42d56 -> 
========================================================================
Received Prepare
Shader 'Custom/EVP Particles Alpha Blended Shadows': fallback shader 'Particles/Alpha Blended' not found
Refreshing native plugins compatible for Editor in 4.23 ms, found 3 plugins.
Preloading 0 native plugins for Editor in 0.00 ms.
Unloading 35 Unused Serialized files (Serialized files now loaded: 0)
Unloading 35 unused Assets / (281.0 KB). Loaded Objects now: 4827.
Memory consumption went from 110.8 MB to 110.5 MB.
Total: 3.318300 ms (FindLiveObjects: 0.372200 ms CreateObjectMapping: 0.108200 ms MarkObjects: 2.660000 ms  DeleteObjects: 0.176600 ms)

AssetImportParameters requested are different than current active one (requested -> active):
  custom:video-decoder-ogg-theora: a1e56fd34408186e4bbccfd4996cb3dc -> 
  custom:container-muxer-webm: aa71ff27fc2769a1b78a27578f13a17b -> 
  custom:container-demuxer-webm: 4f35f7cbe854078d1ac9338744f61a02 -> 
  custom:video-encoder-webm-vp8: eb34c28f22e8b96e1ab97ce403110664 -> 
  custom:audio-encoder-webm-vorbis: bf7c407c2cedff20999df2af8eb42d56 -> 
  custom:framework-win-MediaFoundation: 216162199b28c13a410421893ffa2e32 -> 
  custom:container-demuxer-ogg: 62fdf1f143b41e24485cea50d1cbac27 -> 
  custom:video-decoder-webm-vp8: 9c59270c3fd7afecdb556c50c9e8de78 -> 
  custom:audio-decoder-ogg-vorbis: bf7c407c2cedff20999df2af8eb42d56 -> 
========================================================================
Received Prepare
Shader 'Custom/EVP Particles Alpha Blended Shadows': fallback shader 'Particles/Alpha Blended' not found
Refreshing native plugins compatible for Editor in 4.22 ms, found 3 plugins.
Preloading 0 native plugins for Editor in 0.00 ms.
Unloading 35 Unused Serialized files (Serialized files now loaded: 0)
Unloading 35 unused Assets / (273.3 KB). Loaded Objects now: 4827.
Memory consumption went from 110.8 MB to 110.5 MB.
Total: 3.163900 ms (FindLiveObjects: 0.329900 ms CreateObjectMapping: 0.104100 ms MarkObjects: 2.547000 ms  DeleteObjects: 0.182000 ms)

AssetImportParameters requested are different than current active one (requested -> active):
  custom:video-decoder-ogg-theora: a1e56fd34408186e4bbccfd4996cb3dc -> 
  custom:container-muxer-webm: aa71ff27fc2769a1b78a27578f13a17b -> 
  custom:container-demuxer-webm: 4f35f7cbe854078d1ac9338744f61a02 -> 
  custom:video-encoder-webm-vp8: eb34c28f22e8b96e1ab97ce403110664 -> 
  custom:audio-encoder-webm-vorbis: bf7c407c2cedff20999df2af8eb42d56 -> 
  custom:framework-win-MediaFoundation: 216162199b28c13a410421893ffa2e32 -> 
  custom:container-demuxer-ogg: 62fdf1f143b41e24485cea50d1cbac27 -> 
  custom:video-decoder-webm-vp8: 9c59270c3fd7afecdb556c50c9e8de78 -> 
  custom:audio-decoder-ogg-vorbis: bf7c407c2cedff20999df2af8eb42d56 -> 
========================================================================
Received Prepare
Registering precompiled user dll's ...
Registered in 0.004953 seconds.
Begin MonoManager ReloadAssembly
Symbol file LoadedFromMemory doesn't match image C:\Users\morga\Documents\GitHub\MrToadSpeedRacer\Mr Frog\Library\PackageCache\com.unity.visualscripting@1.7.6\Editor\VisualScripting.Core\Dependencies\YamlDotNet\Unity.VisualScripting.YamlDotNet.dll
Symbol file LoadedFromMemory doesn't match image C:\Users\morga\Documents\GitHub\MrToadSpeedRacer\Mr Frog\Library\PackageCache\com.unity.visualscripting@1.7.6\Editor\VisualScripting.Core\Dependencies\DotNetZip\Unity.VisualScripting.IonicZip.dll
Native extension for WindowsStandalone target not found
Native extension for Android target not found
Native extension for WebGL target not found
Refreshing native plugins compatible for Editor in 1.46 ms, found 3 plugins.
Preloading 0 native plugins for Editor in 0.00 ms.
Mono: successfully reloaded assembly
- Completed reload, in  0.913 seconds
Domain Reload Profiling:
	ReloadAssembly (913ms)
		BeginReloadAssembly (114ms)
			ExecutionOrderSort (0ms)
			DisableScriptedObjects (4ms)
			BackupInstance (0ms)
			ReleaseScriptingObjects (0ms)
			CreateAndSetChildDomain (32ms)
		EndReloadAssembly (707ms)
			LoadAssemblies (72ms)
			RebuildTransferFunctionScriptingTraits (0ms)
			SetupTypeCache (234ms)
			ReleaseScriptCaches (2ms)
			RebuildScriptCaches (43ms)
			SetupLoadedEditorAssemblies (313ms)
				LogAssemblyErrors (0ms)
				InitializePlatformSupportModulesInManaged (22ms)
				SetLoadedEditorAssemblies (1ms)
				RefreshPlugins (2ms)
				BeforeProcessingInitializeOnLoad (75ms)
				ProcessInitializeOnLoadAttributes (184ms)
				ProcessInitializeOnLoadMethodAttributes (24ms)
				AfterProcessingInitializeOnLoad (5ms)
				EditorAssembliesLoaded (0ms)
			ExecutionOrderSort2 (0ms)
			AwakeInstancesAfterBackupRestoration (5ms)
Platform modules already initialized, skipping
Shader 'Custom/EVP Particles Alpha Blended Shadows': fallback shader 'Particles/Alpha Blended' not found
Refreshing native plugins compatible for Editor in 2.09 ms, found 3 plugins.
Preloading 0 native plugins for Editor in 0.00 ms.
Unloading 4045 Unused Serialized files (Serialized files now loaded: 0)
Unloading 35 unused Assets / (275.9 KB). Loaded Objects now: 4830.
Memory consumption went from 191.0 MB to 190.7 MB.
Total: 2.981400 ms (FindLiveObjects: 0.327300 ms CreateObjectMapping: 0.104200 ms MarkObjects: 2.376900 ms  DeleteObjects: 0.172300 ms)

AssetImportParameters requested are different than current active one (requested -> active):
  custom:video-decoder-ogg-theora: a1e56fd34408186e4bbccfd4996cb3dc -> 
  custom:container-muxer-webm: aa71ff27fc2769a1b78a27578f13a17b -> 
  custom:container-demuxer-webm: 4f35f7cbe854078d1ac9338744f61a02 -> 
  custom:video-encoder-webm-vp8: eb34c28f22e8b96e1ab97ce403110664 -> 
  custom:audio-encoder-webm-vorbis: bf7c407c2cedff20999df2af8eb42d56 -> 
  custom:framework-win-MediaFoundation: 216162199b28c13a410421893ffa2e32 -> 
  custom:container-demuxer-ogg: 62fdf1f143b41e24485cea50d1cbac27 -> 
  custom:video-decoder-webm-vp8: 9c59270c3fd7afecdb556c50c9e8de78 -> 
  custom:audio-decoder-ogg-vorbis: bf7c407c2cedff20999df2af8eb42d56 -> 
========================================================================
Received Import Request.
  Time since last request: 475.885923 seconds.
  path: Assets/New Material 3.mat
  artifactKey: Guid(4bde4da3face85f43b335a00a37de0e8) Importer(815301076,1909f56bfc062723c751e8b465ee728b)
Start importing Assets/New Material 3.mat using Guid(4bde4da3face85f43b335a00a37de0e8) Importer(815301076,1909f56bfc062723c751e8b465ee728b)  -> (artifact id: 'b9e723af84d8f7e91f055d6582285dad') in 0.065243 seconds 
========================================================================
Received Import Request.
  Time since last request: 0.000018 seconds.
  path: Assets/time pickup 1.prefab
  artifactKey: Guid(0496c0c9ab8992845a246857349b4913) Importer(815301076,1909f56bfc062723c751e8b465ee728b)
Start importing Assets/time pickup 1.prefab using Guid(0496c0c9ab8992845a246857349b4913) Importer(815301076,1909f56bfc062723c751e8b465ee728b)  -> (artifact id: 'e6d095a6446c2ca41346f28aa2cb00df') in 0.022943 seconds 
========================================================================
Received Import Request.
  Time since last request: 0.000020 seconds.
  path: Assets/time pickup.prefab
  artifactKey: Guid(5c82527b5dff9a649a92b2840965022d) Importer(815301076,1909f56bfc062723c751e8b465ee728b)
Start importing Assets/time pickup.prefab using Guid(5c82527b5dff9a649a92b2840965022d) Importer(815301076,1909f56bfc062723c751e8b465ee728b)  -> (artifact id: 'd0f1927d1da42147fe4d015e7072a252') in 0.014370 seconds 
========================================================================
Received Import Request.
  Time since last request: 0.000016 seconds.
  path: Assets/time pickup 2.prefab
  artifactKey: Guid(aed9599231964a84f8b3da619b049fc8) Importer(815301076,1909f56bfc062723c751e8b465ee728b)
Start importing Assets/time pickup 2.prefab using Guid(aed9599231964a84f8b3da619b049fc8) Importer(815301076,1909f56bfc062723c751e8b465ee728b)  -> (artifact id: 'e5feab88fd5002e35d19afe856916ee2') in 0.014796 seconds 
========================================================================
Received Prepare
Shader 'Custom/EVP Particles Alpha Blended Shadows': fallback shader 'Particles/Alpha Blended' not found
Refreshing native plugins compatible for Editor in 4.20 ms, found 3 plugins.
Preloading 0 native plugins for Editor in 0.00 ms.
Unloading 35 Unused Serialized files (Serialized files now loaded: 0)
Unloading 35 unused Assets / (273.6 KB). Loaded Objects now: 4831.
Memory consumption went from 110.9 MB to 110.6 MB.
Total: 3.220800 ms (FindLiveObjects: 0.318200 ms CreateObjectMapping: 0.105800 ms MarkObjects: 2.645400 ms  DeleteObjects: 0.150400 ms)

AssetImportParameters requested are different than current active one (requested -> active):
  custom:video-decoder-ogg-theora: a1e56fd34408186e4bbccfd4996cb3dc -> 
  custom:container-muxer-webm: aa71ff27fc2769a1b78a27578f13a17b -> 
  custom:container-demuxer-webm: 4f35f7cbe854078d1ac9338744f61a02 -> 
  custom:video-encoder-webm-vp8: eb34c28f22e8b96e1ab97ce403110664 -> 
  custom:audio-encoder-webm-vorbis: bf7c407c2cedff20999df2af8eb42d56 -> 
  custom:framework-win-MediaFoundation: 216162199b28c13a410421893ffa2e32 -> 
  custom:container-demuxer-ogg: 62fdf1f143b41e24485cea50d1cbac27 -> 
  custom:video-decoder-webm-vp8: 9c59270c3fd7afecdb556c50c9e8de78 -> 
  custom:audio-decoder-ogg-vorbis: bf7c407c2cedff20999df2af8eb42d56 -> 
