Using pre-set license
Built from '2021.3/staging' branch; Version is '2021.3.2f1 (d6360bedb9a0) revision 14038539'; Using compiler version '192829333'; Build Type 'Release'
OS: 'Windows 11  (10.0.22000) 64bit Professional' Language: 'en' Physical Memory: 16291 MB
BatchMode: 1, IsHumanControllingUs: 0, StartBugReporterOnCrash: 0, Is64bit: 1, IsPro: 1

COMMAND LINE ARGUMENTS:
C:\Program Files\Unity\Hub\Editor\2021.3.2f1\Editor\Unity.exe
-adb2
-batchMode
-noUpm
-name
AssetImportWorker2
-projectPath
C:/Users/morga/Documents/GitHub/MrToadSpeedRacer/Mr Frog
-logFile
Logs/AssetImportWorker2.log
-srvPort
52498
Successfully changed project path to: C:/Users/morga/Documents/GitHub/MrToadSpeedRacer/Mr Frog
C:/Users/morga/Documents/GitHub/MrToadSpeedRacer/Mr Frog
[UnityMemory] Configuration Parameters - Can be set up in boot.config
    "memorysetup-bucket-allocator-granularity=16"
    "memorysetup-bucket-allocator-bucket-count=8"
    "memorysetup-bucket-allocator-block-size=33554432"
    "memorysetup-bucket-allocator-block-count=8"
    "memorysetup-main-allocator-block-size=16777216"
    "memorysetup-thread-allocator-block-size=16777216"
    "memorysetup-gfx-main-allocator-block-size=16777216"
    "memorysetup-gfx-thread-allocator-block-size=16777216"
    "memorysetup-cache-allocator-block-size=4194304"
    "memorysetup-typetree-allocator-block-size=2097152"
    "memorysetup-profiler-bucket-allocator-granularity=16"
    "memorysetup-profiler-bucket-allocator-bucket-count=8"
    "memorysetup-profiler-bucket-allocator-block-size=33554432"
    "memorysetup-profiler-bucket-allocator-block-count=8"
    "memorysetup-profiler-allocator-block-size=16777216"
    "memorysetup-profiler-editor-allocator-block-size=1048576"
    "memorysetup-temp-allocator-size-main=16777216"
    "memorysetup-job-temp-allocator-block-size=2097152"
    "memorysetup-job-temp-allocator-block-size-background=1048576"
    "memorysetup-job-temp-allocator-reduction-small-platforms=262144"
    "memorysetup-temp-allocator-size-background-worker=32768"
    "memorysetup-temp-allocator-size-job-worker=262144"
    "memorysetup-temp-allocator-size-preload-manager=33554432"
    "memorysetup-temp-allocator-size-nav-mesh-worker=65536"
    "memorysetup-temp-allocator-size-audio-worker=65536"
    "memorysetup-temp-allocator-size-cloud-worker=32768"
    "memorysetup-temp-allocator-size-gi-baking-worker=262144"
    "memorysetup-temp-allocator-size-gfx=262144"
Refreshing native plugins compatible for Editor in 110.20 ms, found 3 plugins.
Preloading 0 native plugins for Editor in 0.00 ms.
Initialize engine version: 2021.3.2f1 (d6360bedb9a0)
[Subsystems] Discovering subsystems at path C:/Program Files/Unity/Hub/Editor/2021.3.2f1/Editor/Data/Resources/UnitySubsystems
[Subsystems] Discovering subsystems at path C:/Users/morga/Documents/GitHub/MrToadSpeedRacer/Mr Frog/Assets
GfxDevice: creating device client; threaded=0; jobified=0
Direct3D:
    Version:  Direct3D 11.0 [level 11.1]
    Renderer: Radeon (TM) RX 480 Graphics (ID=0x67df)
    Vendor:   ATI
    VRAM:     8171 MB
    Driver:   30.0.13023.4001
Shader 'Custom/EVP Particles Alpha Blended Shadows': fallback shader 'Particles/Alpha Blended' not found
Initialize mono
Mono path[0] = 'C:/Program Files/Unity/Hub/Editor/2021.3.2f1/Editor/Data/Managed'
Mono path[1] = 'C:/Program Files/Unity/Hub/Editor/2021.3.2f1/Editor/Data/MonoBleedingEdge/lib/mono/unityjit-win32'
Mono config path = 'C:/Program Files/Unity/Hub/Editor/2021.3.2f1/Editor/Data/MonoBleedingEdge/etc'
Using monoOptions --debugger-agent=transport=dt_socket,embedding=1,server=y,suspend=n,address=127.0.0.1:56552
Begin MonoManager ReloadAssembly
Registering precompiled unity dll's ...
Register platform support module: C:/Program Files/Unity/Hub/Editor/2021.3.2f1/Editor/Data/PlaybackEngines/WebGLSupport/UnityEditor.WebGL.Extensions.dll
Register platform support module: C:/Program Files/Unity/Hub/Editor/2021.3.2f1/Editor/Data/PlaybackEngines/AndroidPlayer/UnityEditor.Android.Extensions.dll
Register platform support module: C:/Program Files/Unity/Hub/Editor/2021.3.2f1/Editor/Data/PlaybackEngines/WindowsStandaloneSupport/UnityEditor.WindowsStandalone.Extensions.dll
Registered in 0.005225 seconds.
Native extension for WindowsStandalone target not found
Native extension for Android target not found
Native extension for WebGL target not found
Refreshing native plugins compatible for Editor in 112.41 ms, found 3 plugins.
Preloading 0 native plugins for Editor in 0.00 ms.
Mono: successfully reloaded assembly
- Completed reload, in  0.613 seconds
Domain Reload Profiling:
	ReloadAssembly (614ms)
		BeginReloadAssembly (61ms)
			ExecutionOrderSort (0ms)
			DisableScriptedObjects (0ms)
			BackupInstance (0ms)
			ReleaseScriptingObjects (0ms)
			CreateAndSetChildDomain (1ms)
		EndReloadAssembly (457ms)
			LoadAssemblies (59ms)
			RebuildTransferFunctionScriptingTraits (0ms)
			SetupTypeCache (97ms)
			ReleaseScriptCaches (0ms)
			RebuildScriptCaches (24ms)
			SetupLoadedEditorAssemblies (291ms)
				LogAssemblyErrors (0ms)
				InitializePlatformSupportModulesInManaged (50ms)
				SetLoadedEditorAssemblies (0ms)
				RefreshPlugins (112ms)
				BeforeProcessingInitializeOnLoad (1ms)
				ProcessInitializeOnLoadAttributes (90ms)
				ProcessInitializeOnLoadMethodAttributes (38ms)
				AfterProcessingInitializeOnLoad (0ms)
				EditorAssembliesLoaded (0ms)
			ExecutionOrderSort2 (0ms)
			AwakeInstancesAfterBackupRestoration (0ms)
Platform modules already initialized, skipping
Registering precompiled user dll's ...
Registered in 0.006099 seconds.
Begin MonoManager ReloadAssembly
Symbol file LoadedFromMemory doesn't match image C:\Users\morga\Documents\GitHub\MrToadSpeedRacer\Mr Frog\Library\PackageCache\com.unity.visualscripting@1.7.6\Editor\VisualScripting.Core\Dependencies\YamlDotNet\Unity.VisualScripting.YamlDotNet.dll
Symbol file LoadedFromMemory doesn't match image C:\Users\morga\Documents\GitHub\MrToadSpeedRacer\Mr Frog\Library\PackageCache\com.unity.visualscripting@1.7.6\Editor\VisualScripting.Core\Dependencies\DotNetZip\Unity.VisualScripting.IonicZip.dll
Native extension for WindowsStandalone target not found
Native extension for Android target not found
Native extension for WebGL target not found
Refreshing native plugins compatible for Editor in 0.90 ms, found 3 plugins.
Preloading 0 native plugins for Editor in 0.00 ms.
Package Manager log level set to [2]
Mono: successfully reloaded assembly
- Completed reload, in  1.093 seconds
Domain Reload Profiling:
	ReloadAssembly (1094ms)
		BeginReloadAssembly (200ms)
			ExecutionOrderSort (0ms)
			DisableScriptedObjects (5ms)
			BackupInstance (0ms)
			ReleaseScriptingObjects (0ms)
			CreateAndSetChildDomain (124ms)
		EndReloadAssembly (792ms)
			LoadAssemblies (71ms)
			RebuildTransferFunctionScriptingTraits (0ms)
			SetupTypeCache (238ms)
			ReleaseScriptCaches (1ms)
			RebuildScriptCaches (56ms)
			SetupLoadedEditorAssemblies (387ms)
				LogAssemblyErrors (0ms)
				InitializePlatformSupportModulesInManaged (13ms)
				SetLoadedEditorAssemblies (0ms)
				RefreshPlugins (1ms)
				BeforeProcessingInitializeOnLoad (95ms)
				ProcessInitializeOnLoadAttributes (246ms)
				ProcessInitializeOnLoadMethodAttributes (26ms)
				AfterProcessingInitializeOnLoad (6ms)
				EditorAssembliesLoaded (0ms)
			ExecutionOrderSort2 (0ms)
			AwakeInstancesAfterBackupRestoration (5ms)
Platform modules already initialized, skipping
========================================================================
Worker process is ready to serve import requests
Shader 'Custom/EVP Particles Alpha Blended Shadows': fallback shader 'Particles/Alpha Blended' not found
Launched and connected shader compiler UnityShaderCompiler.exe after 0.04 seconds
Refreshing native plugins compatible for Editor in 0.91 ms, found 3 plugins.
Preloading 0 native plugins for Editor in 0.00 ms.
Unloading 4166 Unused Serialized files (Serialized files now loaded: 0)
Unloading 42 unused Assets / (1.4 MB). Loaded Objects now: 4747.
Memory consumption went from 198.1 MB to 196.7 MB.
Total: 3.408500 ms (FindLiveObjects: 0.423900 ms CreateObjectMapping: 0.116200 ms MarkObjects: 2.514900 ms  DeleteObjects: 0.352300 ms)

AssetImportParameters requested are different than current active one (requested -> active):
  custom:video-decoder-ogg-theora: a1e56fd34408186e4bbccfd4996cb3dc -> 
  custom:container-muxer-webm: aa71ff27fc2769a1b78a27578f13a17b -> 
  custom:container-demuxer-webm: 4f35f7cbe854078d1ac9338744f61a02 -> 
  custom:video-encoder-webm-vp8: eb34c28f22e8b96e1ab97ce403110664 -> 
  custom:audio-encoder-webm-vorbis: bf7c407c2cedff20999df2af8eb42d56 -> 
  custom:framework-win-MediaFoundation: 216162199b28c13a410421893ffa2e32 -> 
  custom:container-demuxer-ogg: 62fdf1f143b41e24485cea50d1cbac27 -> 
  custom:video-decoder-webm-vp8: 9c59270c3fd7afecdb556c50c9e8de78 -> 
  custom:audio-decoder-ogg-vorbis: bf7c407c2cedff20999df2af8eb42d56 -> 
========================================================================
Received Import Request.
  Time since last request: 169376.317282 seconds.
  path: Assets/Toon Racing/Prefabs/Props/Pine_Tree_1B.prefab
  artifactKey: Guid(ff98089a800bc4f7f874799d1ef39f38) Importer(815301076,1909f56bfc062723c751e8b465ee728b)
Start importing Assets/Toon Racing/Prefabs/Props/Pine_Tree_1B.prefab using Guid(ff98089a800bc4f7f874799d1ef39f38) Importer(815301076,1909f56bfc062723c751e8b465ee728b)  -> (artifact id: 'd880212940dbb59cb33be0de7ff44235') in 0.102779 seconds 
========================================================================
Received Import Request.
  Time since last request: 1.105522 seconds.
  path: Assets/Toon Racing/Prefabs/Props/Pine_Tree_1B.prefab
  artifactKey: Guid(ff98089a800bc4f7f874799d1ef39f38) Importer(815301076,1909f56bfc062723c751e8b465ee728b)
Start importing Assets/Toon Racing/Prefabs/Props/Pine_Tree_1B.prefab using Guid(ff98089a800bc4f7f874799d1ef39f38) Importer(815301076,1909f56bfc062723c751e8b465ee728b)  -> (artifact id: 'aa32e96092faa4599b2ca87f6b901ad8') in 0.009988 seconds 
========================================================================
Received Import Request.
  Time since last request: 22.785349 seconds.
  path: Assets/Toon Racing/Prefabs/Props/Pine_Tree_1A.prefab
  artifactKey: Guid(07bd1127cd76b4819b2a778ac485cb84) Importer(815301076,1909f56bfc062723c751e8b465ee728b)
Start importing Assets/Toon Racing/Prefabs/Props/Pine_Tree_1A.prefab using Guid(07bd1127cd76b4819b2a778ac485cb84) Importer(815301076,1909f56bfc062723c751e8b465ee728b)  -> (artifact id: '78ef3cefd8b2150f5a970651c9bc2274') in 0.012114 seconds 
========================================================================
Received Import Request.
  Time since last request: 1.424393 seconds.
  path: Assets/Toon Racing/Prefabs/Props/Pine_Tree_1A.prefab
  artifactKey: Guid(07bd1127cd76b4819b2a778ac485cb84) Importer(815301076,1909f56bfc062723c751e8b465ee728b)
Start importing Assets/Toon Racing/Prefabs/Props/Pine_Tree_1A.prefab using Guid(07bd1127cd76b4819b2a778ac485cb84) Importer(815301076,1909f56bfc062723c751e8b465ee728b)  -> (artifact id: 'b75682e072d3ecf5524a711004110232') in 0.008854 seconds 
========================================================================
Received Import Request.
  Time since last request: 10.461327 seconds.
  path: Assets/Low Poly Pack - Environment Lite/Models/Trees/Tree_2_4.FBX
  artifactKey: Guid(1733abe710a7dbf4ba75c427d1c3a3fe) Importer(815301076,1909f56bfc062723c751e8b465ee728b)
Start importing Assets/Low Poly Pack - Environment Lite/Models/Trees/Tree_2_4.FBX using Guid(1733abe710a7dbf4ba75c427d1c3a3fe) Importer(815301076,1909f56bfc062723c751e8b465ee728b)  -> (artifact id: 'cadbb1ad31bdf1614f0548baa5ed24d9') in 0.043615 seconds 
========================================================================
Received Prepare
Registering precompiled user dll's ...
Registered in 0.005783 seconds.
Begin MonoManager ReloadAssembly
Symbol file LoadedFromMemory doesn't match image C:\Users\morga\Documents\GitHub\MrToadSpeedRacer\Mr Frog\Library\PackageCache\com.unity.visualscripting@1.7.6\Editor\VisualScripting.Core\Dependencies\YamlDotNet\Unity.VisualScripting.YamlDotNet.dll
Symbol file LoadedFromMemory doesn't match image C:\Users\morga\Documents\GitHub\MrToadSpeedRacer\Mr Frog\Library\PackageCache\com.unity.visualscripting@1.7.6\Editor\VisualScripting.Core\Dependencies\DotNetZip\Unity.VisualScripting.IonicZip.dll
Native extension for WindowsStandalone target not found
Native extension for Android target not found
Native extension for WebGL target not found
Refreshing native plugins compatible for Editor in 0.91 ms, found 3 plugins.
Preloading 0 native plugins for Editor in 0.00 ms.
Mono: successfully reloaded assembly
- Completed reload, in  0.947 seconds
Domain Reload Profiling:
	ReloadAssembly (948ms)
		BeginReloadAssembly (125ms)
			ExecutionOrderSort (0ms)
			DisableScriptedObjects (4ms)
			BackupInstance (0ms)
			ReleaseScriptingObjects (0ms)
			CreateAndSetChildDomain (39ms)
		EndReloadAssembly (731ms)
			LoadAssemblies (72ms)
			RebuildTransferFunctionScriptingTraits (0ms)
			SetupTypeCache (251ms)
			ReleaseScriptCaches (1ms)
			RebuildScriptCaches (43ms)
			SetupLoadedEditorAssemblies (325ms)
				LogAssemblyErrors (0ms)
				InitializePlatformSupportModulesInManaged (19ms)
				SetLoadedEditorAssemblies (0ms)
				RefreshPlugins (1ms)
				BeforeProcessingInitializeOnLoad (69ms)
				ProcessInitializeOnLoadAttributes (200ms)
				ProcessInitializeOnLoadMethodAttributes (29ms)
				AfterProcessingInitializeOnLoad (6ms)
				EditorAssembliesLoaded (0ms)
			ExecutionOrderSort2 (0ms)
			AwakeInstancesAfterBackupRestoration (6ms)
Platform modules already initialized, skipping
Shader 'Custom/EVP Particles Alpha Blended Shadows': fallback shader 'Particles/Alpha Blended' not found
Refreshing native plugins compatible for Editor in 2.23 ms, found 3 plugins.
Preloading 0 native plugins for Editor in 0.00 ms.
Unloading 4045 Unused Serialized files (Serialized files now loaded: 0)
Unloading 35 unused Assets / (1.4 MB). Loaded Objects now: 4759.
Memory consumption went from 191.0 MB to 189.6 MB.
Total: 3.147200 ms (FindLiveObjects: 0.341400 ms CreateObjectMapping: 0.102900 ms MarkObjects: 2.375300 ms  DeleteObjects: 0.326400 ms)

AssetImportParameters requested are different than current active one (requested -> active):
  custom:video-decoder-ogg-theora: a1e56fd34408186e4bbccfd4996cb3dc -> 
  custom:container-muxer-webm: aa71ff27fc2769a1b78a27578f13a17b -> 
  custom:container-demuxer-webm: 4f35f7cbe854078d1ac9338744f61a02 -> 
  custom:video-encoder-webm-vp8: eb34c28f22e8b96e1ab97ce403110664 -> 
  custom:audio-encoder-webm-vorbis: bf7c407c2cedff20999df2af8eb42d56 -> 
  custom:framework-win-MediaFoundation: 216162199b28c13a410421893ffa2e32 -> 
  custom:container-demuxer-ogg: 62fdf1f143b41e24485cea50d1cbac27 -> 
  custom:video-decoder-webm-vp8: 9c59270c3fd7afecdb556c50c9e8de78 -> 
  custom:audio-decoder-ogg-vorbis: bf7c407c2cedff20999df2af8eb42d56 -> 
========================================================================
Received Prepare
Registering precompiled user dll's ...
Registered in 0.005177 seconds.
Begin MonoManager ReloadAssembly
Symbol file LoadedFromMemory doesn't match image C:\Users\morga\Documents\GitHub\MrToadSpeedRacer\Mr Frog\Library\PackageCache\com.unity.visualscripting@1.7.6\Editor\VisualScripting.Core\Dependencies\YamlDotNet\Unity.VisualScripting.YamlDotNet.dll
Symbol file LoadedFromMemory doesn't match image C:\Users\morga\Documents\GitHub\MrToadSpeedRacer\Mr Frog\Library\PackageCache\com.unity.visualscripting@1.7.6\Editor\VisualScripting.Core\Dependencies\DotNetZip\Unity.VisualScripting.IonicZip.dll
Native extension for WindowsStandalone target not found
Native extension for Android target not found
Native extension for WebGL target not found
Refreshing native plugins compatible for Editor in 0.97 ms, found 3 plugins.
Preloading 0 native plugins for Editor in 0.00 ms.
Mono: successfully reloaded assembly
- Completed reload, in  0.921 seconds
Domain Reload Profiling:
	ReloadAssembly (921ms)
		BeginReloadAssembly (122ms)
			ExecutionOrderSort (0ms)
			DisableScriptedObjects (5ms)
			BackupInstance (0ms)
			ReleaseScriptingObjects (0ms)
			CreateAndSetChildDomain (38ms)
		EndReloadAssembly (709ms)
			LoadAssemblies (72ms)
			RebuildTransferFunctionScriptingTraits (0ms)
			SetupTypeCache (239ms)
			ReleaseScriptCaches (1ms)
			RebuildScriptCaches (39ms)
			SetupLoadedEditorAssemblies (319ms)
				LogAssemblyErrors (0ms)
				InitializePlatformSupportModulesInManaged (19ms)
				SetLoadedEditorAssemblies (1ms)
				RefreshPlugins (1ms)
				BeforeProcessingInitializeOnLoad (68ms)
				ProcessInitializeOnLoadAttributes (199ms)
				ProcessInitializeOnLoadMethodAttributes (26ms)
				AfterProcessingInitializeOnLoad (6ms)
				EditorAssembliesLoaded (0ms)
			ExecutionOrderSort2 (0ms)
			AwakeInstancesAfterBackupRestoration (5ms)
Platform modules already initialized, skipping
Shader 'Custom/EVP Particles Alpha Blended Shadows': fallback shader 'Particles/Alpha Blended' not found
Refreshing native plugins compatible for Editor in 2.61 ms, found 3 plugins.
Preloading 0 native plugins for Editor in 0.00 ms.
Unloading 4045 Unused Serialized files (Serialized files now loaded: 0)
Unloading 35 unused Assets / (1.4 MB). Loaded Objects now: 4762.
Memory consumption went from 190.9 MB to 189.5 MB.
Total: 3.857300 ms (FindLiveObjects: 0.432200 ms CreateObjectMapping: 0.109000 ms MarkObjects: 2.858100 ms  DeleteObjects: 0.456500 ms)

AssetImportParameters requested are different than current active one (requested -> active):
  custom:video-decoder-ogg-theora: a1e56fd34408186e4bbccfd4996cb3dc -> 
  custom:container-muxer-webm: aa71ff27fc2769a1b78a27578f13a17b -> 
  custom:container-demuxer-webm: 4f35f7cbe854078d1ac9338744f61a02 -> 
  custom:video-encoder-webm-vp8: eb34c28f22e8b96e1ab97ce403110664 -> 
  custom:audio-encoder-webm-vorbis: bf7c407c2cedff20999df2af8eb42d56 -> 
  custom:framework-win-MediaFoundation: 216162199b28c13a410421893ffa2e32 -> 
  custom:container-demuxer-ogg: 62fdf1f143b41e24485cea50d1cbac27 -> 
  custom:video-decoder-webm-vp8: 9c59270c3fd7afecdb556c50c9e8de78 -> 
  custom:audio-decoder-ogg-vorbis: bf7c407c2cedff20999df2af8eb42d56 -> 
========================================================================
Received Prepare
Registering precompiled user dll's ...
Registered in 0.005852 seconds.
Begin MonoManager ReloadAssembly
Symbol file LoadedFromMemory doesn't match image C:\Users\morga\Documents\GitHub\MrToadSpeedRacer\Mr Frog\Library\PackageCache\com.unity.visualscripting@1.7.6\Editor\VisualScripting.Core\Dependencies\YamlDotNet\Unity.VisualScripting.YamlDotNet.dll
Symbol file LoadedFromMemory doesn't match image C:\Users\morga\Documents\GitHub\MrToadSpeedRacer\Mr Frog\Library\PackageCache\com.unity.visualscripting@1.7.6\Editor\VisualScripting.Core\Dependencies\DotNetZip\Unity.VisualScripting.IonicZip.dll
Native extension for WindowsStandalone target not found
Native extension for Android target not found
Native extension for WebGL target not found
Refreshing native plugins compatible for Editor in 0.91 ms, found 3 plugins.
Preloading 0 native plugins for Editor in 0.00 ms.
Mono: successfully reloaded assembly
- Completed reload, in  0.911 seconds
Domain Reload Profiling:
	ReloadAssembly (911ms)
		BeginReloadAssembly (119ms)
			ExecutionOrderSort (0ms)
			DisableScriptedObjects (5ms)
			BackupInstance (0ms)
			ReleaseScriptingObjects (0ms)
			CreateAndSetChildDomain (35ms)
		EndReloadAssembly (704ms)
			LoadAssemblies (72ms)
			RebuildTransferFunctionScriptingTraits (0ms)
			SetupTypeCache (236ms)
			ReleaseScriptCaches (1ms)
			RebuildScriptCaches (38ms)
			SetupLoadedEditorAssemblies (323ms)
				LogAssemblyErrors (0ms)
				InitializePlatformSupportModulesInManaged (19ms)
				SetLoadedEditorAssemblies (1ms)
				RefreshPlugins (1ms)
				BeforeProcessingInitializeOnLoad (68ms)
				ProcessInitializeOnLoadAttributes (199ms)
				ProcessInitializeOnLoadMethodAttributes (29ms)
				AfterProcessingInitializeOnLoad (5ms)
				EditorAssembliesLoaded (0ms)
			ExecutionOrderSort2 (0ms)
			AwakeInstancesAfterBackupRestoration (5ms)
Platform modules already initialized, skipping
Shader 'Custom/EVP Particles Alpha Blended Shadows': fallback shader 'Particles/Alpha Blended' not found
Refreshing native plugins compatible for Editor in 2.33 ms, found 3 plugins.
Preloading 0 native plugins for Editor in 0.00 ms.
Unloading 4045 Unused Serialized files (Serialized files now loaded: 0)
Unloading 35 unused Assets / (1.4 MB). Loaded Objects now: 4765.
Memory consumption went from 190.9 MB to 189.5 MB.
Total: 3.175200 ms (FindLiveObjects: 0.360300 ms CreateObjectMapping: 0.103900 ms MarkObjects: 2.350600 ms  DeleteObjects: 0.359300 ms)

AssetImportParameters requested are different than current active one (requested -> active):
  custom:video-decoder-ogg-theora: a1e56fd34408186e4bbccfd4996cb3dc -> 
  custom:container-muxer-webm: aa71ff27fc2769a1b78a27578f13a17b -> 
  custom:container-demuxer-webm: 4f35f7cbe854078d1ac9338744f61a02 -> 
  custom:video-encoder-webm-vp8: eb34c28f22e8b96e1ab97ce403110664 -> 
  custom:audio-encoder-webm-vorbis: bf7c407c2cedff20999df2af8eb42d56 -> 
  custom:framework-win-MediaFoundation: 216162199b28c13a410421893ffa2e32 -> 
  custom:container-demuxer-ogg: 62fdf1f143b41e24485cea50d1cbac27 -> 
  custom:video-decoder-webm-vp8: 9c59270c3fd7afecdb556c50c9e8de78 -> 
  custom:audio-decoder-ogg-vorbis: bf7c407c2cedff20999df2af8eb42d56 -> 
========================================================================
Received Prepare
Registering precompiled user dll's ...
Registered in 0.006045 seconds.
Begin MonoManager ReloadAssembly
Symbol file LoadedFromMemory doesn't match image C:\Users\morga\Documents\GitHub\MrToadSpeedRacer\Mr Frog\Library\PackageCache\com.unity.visualscripting@1.7.6\Editor\VisualScripting.Core\Dependencies\YamlDotNet\Unity.VisualScripting.YamlDotNet.dll
Symbol file LoadedFromMemory doesn't match image C:\Users\morga\Documents\GitHub\MrToadSpeedRacer\Mr Frog\Library\PackageCache\com.unity.visualscripting@1.7.6\Editor\VisualScripting.Core\Dependencies\DotNetZip\Unity.VisualScripting.IonicZip.dll
Native extension for WindowsStandalone target not found
Native extension for Android target not found
Native extension for WebGL target not found
Refreshing native plugins compatible for Editor in 0.92 ms, found 3 plugins.
Preloading 0 native plugins for Editor in 0.00 ms.
Mono: successfully reloaded assembly
- Completed reload, in  0.927 seconds
Domain Reload Profiling:
	ReloadAssembly (928ms)
		BeginReloadAssembly (120ms)
			ExecutionOrderSort (0ms)
			DisableScriptedObjects (5ms)
			BackupInstance (0ms)
			ReleaseScriptingObjects (0ms)
			CreateAndSetChildDomain (34ms)
		EndReloadAssembly (720ms)
			LoadAssemblies (73ms)
			RebuildTransferFunctionScriptingTraits (0ms)
			SetupTypeCache (239ms)
			ReleaseScriptCaches (1ms)
			RebuildScriptCaches (41ms)
			SetupLoadedEditorAssemblies (326ms)
				LogAssemblyErrors (0ms)
				InitializePlatformSupportModulesInManaged (19ms)
				SetLoadedEditorAssemblies (0ms)
				RefreshPlugins (1ms)
				BeforeProcessingInitializeOnLoad (70ms)
				ProcessInitializeOnLoadAttributes (200ms)
				ProcessInitializeOnLoadMethodAttributes (29ms)
				AfterProcessingInitializeOnLoad (7ms)
				EditorAssembliesLoaded (0ms)
			ExecutionOrderSort2 (0ms)
			AwakeInstancesAfterBackupRestoration (6ms)
Platform modules already initialized, skipping
Shader 'Custom/EVP Particles Alpha Blended Shadows': fallback shader 'Particles/Alpha Blended' not found
Refreshing native plugins compatible for Editor in 2.18 ms, found 3 plugins.
Preloading 0 native plugins for Editor in 0.00 ms.
Unloading 4045 Unused Serialized files (Serialized files now loaded: 0)
Unloading 35 unused Assets / (1.4 MB). Loaded Objects now: 4768.
Memory consumption went from 190.9 MB to 189.6 MB.
Total: 3.454100 ms (FindLiveObjects: 0.376800 ms CreateObjectMapping: 0.106500 ms MarkObjects: 2.572900 ms  DeleteObjects: 0.396600 ms)

AssetImportParameters requested are different than current active one (requested -> active):
  custom:video-decoder-ogg-theora: a1e56fd34408186e4bbccfd4996cb3dc -> 
  custom:container-muxer-webm: aa71ff27fc2769a1b78a27578f13a17b -> 
  custom:container-demuxer-webm: 4f35f7cbe854078d1ac9338744f61a02 -> 
  custom:video-encoder-webm-vp8: eb34c28f22e8b96e1ab97ce403110664 -> 
  custom:audio-encoder-webm-vorbis: bf7c407c2cedff20999df2af8eb42d56 -> 
  custom:framework-win-MediaFoundation: 216162199b28c13a410421893ffa2e32 -> 
  custom:container-demuxer-ogg: 62fdf1f143b41e24485cea50d1cbac27 -> 
  custom:video-decoder-webm-vp8: 9c59270c3fd7afecdb556c50c9e8de78 -> 
  custom:audio-decoder-ogg-vorbis: bf7c407c2cedff20999df2af8eb42d56 -> 
========================================================================
Received Import Request.
  Time since last request: 536.085086 seconds.
  path: Assets/New Material 4.mat
  artifactKey: Guid(f793e451983fac147b3f320df043b069) Importer(815301076,1909f56bfc062723c751e8b465ee728b)
Start importing Assets/New Material 4.mat using Guid(f793e451983fac147b3f320df043b069) Importer(815301076,1909f56bfc062723c751e8b465ee728b)  -> (artifact id: '498ecf87f040afdf790b915feec5dd38') in 0.084055 seconds 
========================================================================
Received Prepare
Shader 'Custom/EVP Particles Alpha Blended Shadows': fallback shader 'Particles/Alpha Blended' not found
Refreshing native plugins compatible for Editor in 4.35 ms, found 3 plugins.
Preloading 0 native plugins for Editor in 0.00 ms.
Unloading 35 Unused Serialized files (Serialized files now loaded: 0)
Unloading 35 unused Assets / (1.4 MB). Loaded Objects now: 4802.
Memory consumption went from 110.9 MB to 109.5 MB.
Total: 4.127600 ms (FindLiveObjects: 0.366100 ms CreateObjectMapping: 0.113900 ms MarkObjects: 3.210400 ms  DeleteObjects: 0.436500 ms)

AssetImportParameters requested are different than current active one (requested -> active):
  custom:video-decoder-ogg-theora: a1e56fd34408186e4bbccfd4996cb3dc -> 
  custom:container-muxer-webm: aa71ff27fc2769a1b78a27578f13a17b -> 
  custom:container-demuxer-webm: 4f35f7cbe854078d1ac9338744f61a02 -> 
  custom:video-encoder-webm-vp8: eb34c28f22e8b96e1ab97ce403110664 -> 
  custom:audio-encoder-webm-vorbis: bf7c407c2cedff20999df2af8eb42d56 -> 
  custom:framework-win-MediaFoundation: 216162199b28c13a410421893ffa2e32 -> 
  custom:container-demuxer-ogg: 62fdf1f143b41e24485cea50d1cbac27 -> 
  custom:video-decoder-webm-vp8: 9c59270c3fd7afecdb556c50c9e8de78 -> 
  custom:audio-decoder-ogg-vorbis: bf7c407c2cedff20999df2af8eb42d56 -> 
========================================================================
Received Prepare
Registering precompiled user dll's ...
Registered in 0.005326 seconds.
Begin MonoManager ReloadAssembly
Symbol file LoadedFromMemory doesn't match image C:\Users\morga\Documents\GitHub\MrToadSpeedRacer\Mr Frog\Library\PackageCache\com.unity.visualscripting@1.7.6\Editor\VisualScripting.Core\Dependencies\YamlDotNet\Unity.VisualScripting.YamlDotNet.dll
Symbol file LoadedFromMemory doesn't match image C:\Users\morga\Documents\GitHub\MrToadSpeedRacer\Mr Frog\Library\PackageCache\com.unity.visualscripting@1.7.6\Editor\VisualScripting.Core\Dependencies\DotNetZip\Unity.VisualScripting.IonicZip.dll
Native extension for WindowsStandalone target not found
Native extension for Android target not found
Native extension for WebGL target not found
Refreshing native plugins compatible for Editor in 0.75 ms, found 3 plugins.
Preloading 0 native plugins for Editor in 0.00 ms.
Mono: successfully reloaded assembly
- Completed reload, in  0.913 seconds
Domain Reload Profiling:
	ReloadAssembly (913ms)
		BeginReloadAssembly (125ms)
			ExecutionOrderSort (0ms)
			DisableScriptedObjects (4ms)
			BackupInstance (0ms)
			ReleaseScriptingObjects (0ms)
			CreateAndSetChildDomain (40ms)
		EndReloadAssembly (701ms)
			LoadAssemblies (72ms)
			RebuildTransferFunctionScriptingTraits (0ms)
			SetupTypeCache (231ms)
			ReleaseScriptCaches (1ms)
			RebuildScriptCaches (39ms)
			SetupLoadedEditorAssemblies (321ms)
				LogAssemblyErrors (0ms)
				InitializePlatformSupportModulesInManaged (19ms)
				SetLoadedEditorAssemblies (0ms)
				RefreshPlugins (1ms)
				BeforeProcessingInitializeOnLoad (70ms)
				ProcessInitializeOnLoadAttributes (197ms)
				ProcessInitializeOnLoadMethodAttributes (27ms)
				AfterProcessingInitializeOnLoad (6ms)
				EditorAssembliesLoaded (0ms)
			ExecutionOrderSort2 (0ms)
			AwakeInstancesAfterBackupRestoration (5ms)
Platform modules already initialized, skipping
Shader 'Custom/EVP Particles Alpha Blended Shadows': fallback shader 'Particles/Alpha Blended' not found
Refreshing native plugins compatible for Editor in 2.42 ms, found 3 plugins.
Preloading 0 native plugins for Editor in 0.00 ms.
Unloading 4045 Unused Serialized files (Serialized files now loaded: 0)
Unloading 35 unused Assets / (1.4 MB). Loaded Objects now: 4804.
Memory consumption went from 191.1 MB to 189.7 MB.
Total: 3.482700 ms (FindLiveObjects: 0.388400 ms CreateObjectMapping: 0.111700 ms MarkObjects: 2.519200 ms  DeleteObjects: 0.462200 ms)

AssetImportParameters requested are different than current active one (requested -> active):
  custom:video-decoder-ogg-theora: a1e56fd34408186e4bbccfd4996cb3dc -> 
  custom:container-muxer-webm: aa71ff27fc2769a1b78a27578f13a17b -> 
  custom:container-demuxer-webm: 4f35f7cbe854078d1ac9338744f61a02 -> 
  custom:video-encoder-webm-vp8: eb34c28f22e8b96e1ab97ce403110664 -> 
  custom:audio-encoder-webm-vorbis: bf7c407c2cedff20999df2af8eb42d56 -> 
  custom:framework-win-MediaFoundation: 216162199b28c13a410421893ffa2e32 -> 
  custom:container-demuxer-ogg: 62fdf1f143b41e24485cea50d1cbac27 -> 
  custom:video-decoder-webm-vp8: 9c59270c3fd7afecdb556c50c9e8de78 -> 
  custom:audio-decoder-ogg-vorbis: bf7c407c2cedff20999df2af8eb42d56 -> 
========================================================================
Received Import Request.
  Time since last request: 472.940886 seconds.
  path: Assets/Oak Trees Package/Oak Trees Version 1.0 (deprecated)/Oak Tree Demoscene/whiteSky/whiteSky.mat
  artifactKey: Guid(55403c96df7e547de9797946209ca292) Importer(815301076,1909f56bfc062723c751e8b465ee728b)
Start importing Assets/Oak Trees Package/Oak Trees Version 1.0 (deprecated)/Oak Tree Demoscene/whiteSky/whiteSky.mat using Guid(55403c96df7e547de9797946209ca292) Importer(815301076,1909f56bfc062723c751e8b465ee728b)  -> (artifact id: '189c0916c84e1a3ae6a6e9263046b886') in 0.198969 seconds 
========================================================================
Received Import Request.
  Time since last request: 10.974864 seconds.
  path: Assets/nTools/PrefabPainter/Examples/Materials/Water.mat
  artifactKey: Guid(2b27506c190f441f79f1ce33c9e8c66b) Importer(815301076,1909f56bfc062723c751e8b465ee728b)
Start importing Assets/nTools/PrefabPainter/Examples/Materials/Water.mat using Guid(2b27506c190f441f79f1ce33c9e8c66b) Importer(815301076,1909f56bfc062723c751e8b465ee728b)  -> (artifact id: '0d29d1aad1b27667d10371f77123afbd') in 0.048710 seconds 
========================================================================
Received Import Request.
  Time since last request: 0.027849 seconds.
  path: Assets/EVP5/Vehicles/SportCoupe/Materials/sportcoupe-trucktex-brakes-on.mat
  artifactKey: Guid(cf2165b8c0c410449aa0bc0d325c65eb) Importer(815301076,1909f56bfc062723c751e8b465ee728b)
Start importing Assets/EVP5/Vehicles/SportCoupe/Materials/sportcoupe-trucktex-brakes-on.mat using Guid(cf2165b8c0c410449aa0bc0d325c65eb) Importer(815301076,1909f56bfc062723c751e8b465ee728b)  -> (artifact id: 'd7a7b3a65f7a11e3f9474e8a892472be') in 0.023495 seconds 
========================================================================
Received Import Request.
  Time since last request: 0.240852 seconds.
  path: Assets/EVP5/Vehicles/SportCoupe/Materials/sportcoupe-trucktex.mat
  artifactKey: Guid(9251e20ab7ba62c4ebf2437bc9eb9de6) Importer(815301076,1909f56bfc062723c751e8b465ee728b)
Start importing Assets/EVP5/Vehicles/SportCoupe/Materials/sportcoupe-trucktex.mat using Guid(9251e20ab7ba62c4ebf2437bc9eb9de6) Importer(815301076,1909f56bfc062723c751e8b465ee728b)  -> (artifact id: '2cf41ee59bd065733410627bf86f13f6') in 0.019296 seconds 
========================================================================
Received Import Request.
  Time since last request: 0.020569 seconds.
  path: Assets/EVP5/Visual Effects/Tire marks/Skidmarks.mat
  artifactKey: Guid(6ba50c5d1a2980d48bd1524a13b93827) Importer(815301076,1909f56bfc062723c751e8b465ee728b)
Start importing Assets/EVP5/Visual Effects/Tire marks/Skidmarks.mat using Guid(6ba50c5d1a2980d48bd1524a13b93827) Importer(815301076,1909f56bfc062723c751e8b465ee728b)  -> (artifact id: '49c45a809faad99f3470eeab1b39ed2a') in 0.013607 seconds 
========================================================================
Received Import Request.
  Time since last request: 0.022950 seconds.
  path: Assets/nTools/PrefabPainter/Examples/Materials/Red.mat
  artifactKey: Guid(6edf1e8abaaa74941af7f2c89366d384) Importer(815301076,1909f56bfc062723c751e8b465ee728b)
Start importing Assets/nTools/PrefabPainter/Examples/Materials/Red.mat using Guid(6edf1e8abaaa74941af7f2c89366d384) Importer(815301076,1909f56bfc062723c751e8b465ee728b)  -> (artifact id: '806cbdafd98878417c97323cb49277a7') in 0.024760 seconds 
========================================================================
Received Import Request.
  Time since last request: 0.000031 seconds.
  path: Assets/TextMesh Pro/Examples & Extras/Resources/Fonts & Materials/Roboto-Bold SDF - Drop Shadow.mat
  artifactKey: Guid(b246c4190f4e46ec9352fe15a7b09ce0) Importer(815301076,1909f56bfc062723c751e8b465ee728b)
Start importing Assets/TextMesh Pro/Examples & Extras/Resources/Fonts & Materials/Roboto-Bold SDF - Drop Shadow.mat using Guid(b246c4190f4e46ec9352fe15a7b09ce0) Importer(815301076,1909f56bfc062723c751e8b465ee728b)  -> (artifact id: '1fe5b60d7addedcffae6733bec577d46') in 0.023195 seconds 
========================================================================
Received Import Request.
  Time since last request: 0.000017 seconds.
  path: Assets/EVP5/Visual Effects/Tire marks/SandMarks.mat
  artifactKey: Guid(bbce6cd4aa7e4434a919568c41eebe46) Importer(815301076,1909f56bfc062723c751e8b465ee728b)
Start importing Assets/EVP5/Visual Effects/Tire marks/SandMarks.mat using Guid(bbce6cd4aa7e4434a919568c41eebe46) Importer(815301076,1909f56bfc062723c751e8b465ee728b)  -> (artifact id: '102335c5df49fd0655eb98c0e3bdd6a8') in 0.025080 seconds 
========================================================================
Received Import Request.
  Time since last request: 0.000023 seconds.
  path: Assets/EasyRoads3D/Resources/Materials/roundabouts/roundaboutconnect 1.mat
  artifactKey: Guid(ce8bb957aa39a384eb46fd561e66303f) Importer(815301076,1909f56bfc062723c751e8b465ee728b)
Start importing Assets/EasyRoads3D/Resources/Materials/roundabouts/roundaboutconnect 1.mat using Guid(ce8bb957aa39a384eb46fd561e66303f) Importer(815301076,1909f56bfc062723c751e8b465ee728b)  -> (artifact id: '6454f14e8007823ada607d816218cf9e') in 0.035884 seconds 
========================================================================
Received Import Request.
  Time since last request: 0.000023 seconds.
  path: Assets/TextMesh Pro/Examples & Extras/Resources/Fonts & Materials/Roboto-Bold SDF.asset
  artifactKey: Guid(5302535af1044152a457ed104f1f4b91) Importer(815301076,1909f56bfc062723c751e8b465ee728b)
Start importing Assets/TextMesh Pro/Examples & Extras/Resources/Fonts & Materials/Roboto-Bold SDF.asset using Guid(5302535af1044152a457ed104f1f4b91) Importer(815301076,1909f56bfc062723c751e8b465ee728b)  -> (artifact id: 'a0a387f3319ebdaffc093a9f5584f7d8') in 0.059992 seconds 
========================================================================
Received Import Request.
  Time since last request: 0.000043 seconds.
  path: Assets/Toon Racing/Models/Materials/Road_1A_D.mat
  artifactKey: Guid(7105bef41d1e941b7907f53108255dc9) Importer(815301076,1909f56bfc062723c751e8b465ee728b)
Start importing Assets/Toon Racing/Models/Materials/Road_1A_D.mat using Guid(7105bef41d1e941b7907f53108255dc9) Importer(815301076,1909f56bfc062723c751e8b465ee728b)  -> (artifact id: '0bdb46da798f2a7bec8fd7a31564764c') in 0.017006 seconds 
========================================================================
Received Import Request.
  Time since last request: 0.033053 seconds.
  path: Assets/Toon Racing/Models/Materials/Rally_Car_1A_D.mat
  artifactKey: Guid(fe71f4a8d40144924a79c1602cabb9eb) Importer(815301076,1909f56bfc062723c751e8b465ee728b)
Start importing Assets/Toon Racing/Models/Materials/Rally_Car_1A_D.mat using Guid(fe71f4a8d40144924a79c1602cabb9eb) Importer(815301076,1909f56bfc062723c751e8b465ee728b)  -> (artifact id: 'f2fe5d231c122ad261301a8864addaa9') in 0.031073 seconds 
========================================================================
Received Import Request.
  Time since last request: 0.000022 seconds.
  path: Assets/Toon Racing/Models/Materials/Rally_Car_3B_D.mat
  artifactKey: Guid(335949edbeea142608dca67fdb2d70cc) Importer(815301076,1909f56bfc062723c751e8b465ee728b)
Start importing Assets/Toon Racing/Models/Materials/Rally_Car_3B_D.mat using Guid(335949edbeea142608dca67fdb2d70cc) Importer(815301076,1909f56bfc062723c751e8b465ee728b)  -> (artifact id: 'c573d1a9f5999c14b4eef6a159a8b96b') in 0.028045 seconds 
========================================================================
Received Import Request.
  Time since last request: 0.000028 seconds.
  path: Assets/Toon Racing/Models/Materials/Race_Car_8A_D.mat
  artifactKey: Guid(2a7c89ec0667c45cca95c7da49c3baad) Importer(815301076,1909f56bfc062723c751e8b465ee728b)
Start importing Assets/Toon Racing/Models/Materials/Race_Car_8A_D.mat using Guid(2a7c89ec0667c45cca95c7da49c3baad) Importer(815301076,1909f56bfc062723c751e8b465ee728b)  -> (artifact id: '685fa5b8454931b530f86c0cf1ad84f3') in 0.031192 seconds 
========================================================================
Received Import Request.
  Time since last request: 0.000027 seconds.
  path: Assets/Toon Racing/Models/Materials/Race_Car_5C_D.mat
  artifactKey: Guid(f52dcc8461f87644fba21a595abe38bf) Importer(815301076,1909f56bfc062723c751e8b465ee728b)
Start importing Assets/Toon Racing/Models/Materials/Race_Car_5C_D.mat using Guid(f52dcc8461f87644fba21a595abe38bf) Importer(815301076,1909f56bfc062723c751e8b465ee728b)  -> (artifact id: '06ce39eaa1dd864b576301c377b5e689') in 0.037595 seconds 
========================================================================
Received Import Request.
  Time since last request: 0.000030 seconds.
  path: Assets/Toon Racing/Models/Materials/Rally_Car_3C_D.mat
  artifactKey: Guid(d4829061a0672cc4c97ded7dfb9ba59f) Importer(815301076,1909f56bfc062723c751e8b465ee728b)
Start importing Assets/Toon Racing/Models/Materials/Rally_Car_3C_D.mat using Guid(d4829061a0672cc4c97ded7dfb9ba59f) Importer(815301076,1909f56bfc062723c751e8b465ee728b)  -> (artifact id: '8f9aab33d6bfc7d74ed43f2935dabe18') in 0.032697 seconds 
========================================================================
Received Import Request.
  Time since last request: 0.000026 seconds.
  path: Assets/Toon Racing/Models/Materials/Race_Car_8B_D.mat
  artifactKey: Guid(502b2de6f69da4ecc8af39c35671448e) Importer(815301076,1909f56bfc062723c751e8b465ee728b)
Start importing Assets/Toon Racing/Models/Materials/Race_Car_8B_D.mat using Guid(502b2de6f69da4ecc8af39c35671448e) Importer(815301076,1909f56bfc062723c751e8b465ee728b)  -> (artifact id: '655aeb6b1563c660dbfa46499208230e') in 0.018529 seconds 
========================================================================
Received Import Request.
  Time since last request: 0.000034 seconds.
  path: Assets/Toon Racing/Models/Materials/Rally_Car_1B_D.mat
  artifactKey: Guid(b08ab0d8e5a1340c5a6467e1f70faada) Importer(815301076,1909f56bfc062723c751e8b465ee728b)
Start importing Assets/Toon Racing/Models/Materials/Rally_Car_1B_D.mat using Guid(b08ab0d8e5a1340c5a6467e1f70faada) Importer(815301076,1909f56bfc062723c751e8b465ee728b)  -> (artifact id: 'c22c3bc2e8b8731d5c6fd398216bc316') in 0.020706 seconds 
========================================================================
Received Import Request.
  Time since last request: 0.000028 seconds.
  path: Assets/Toon Racing/Models/Materials/Rally_Car_2B_D.mat
  artifactKey: Guid(65086b09f179c4709b4a16d31e780bc4) Importer(815301076,1909f56bfc062723c751e8b465ee728b)
Start importing Assets/Toon Racing/Models/Materials/Rally_Car_2B_D.mat using Guid(65086b09f179c4709b4a16d31e780bc4) Importer(815301076,1909f56bfc062723c751e8b465ee728b)  -> (artifact id: '1ad7da4a6e8a0b1c7ac0910ed32a7a2a') in 0.033555 seconds 
========================================================================
Received Import Request.
  Time since last request: 0.000022 seconds.
  path: Assets/EVP5/World/Pixelactive City/Materials/pixelactive_city_fbx-palmbranchfile2.mat
  artifactKey: Guid(d4b7410085dd048a38f9283461ae73f4) Importer(815301076,1909f56bfc062723c751e8b465ee728b)
Start importing Assets/EVP5/World/Pixelactive City/Materials/pixelactive_city_fbx-palmbranchfile2.mat using Guid(d4b7410085dd048a38f9283461ae73f4) Importer(815301076,1909f56bfc062723c751e8b465ee728b)  -> (artifact id: 'fd96e300b643cd7985550aee17397811') in 0.041391 seconds 
========================================================================
Received Import Request.
  Time since last request: 0.000025 seconds.
  path: Assets/EVP5/World/Pixelactive City/Materials/pixelactive_city_fbx-lambert178.mat
  artifactKey: Guid(f637e4eaa4b4e4aaab9f4ab6f89caffa) Importer(815301076,1909f56bfc062723c751e8b465ee728b)
Start importing Assets/EVP5/World/Pixelactive City/Materials/pixelactive_city_fbx-lambert178.mat using Guid(f637e4eaa4b4e4aaab9f4ab6f89caffa) Importer(815301076,1909f56bfc062723c751e8b465ee728b)  -> (artifact id: '240329cad6a695c3dd5b247309246f90') in 0.037119 seconds 
========================================================================
Received Import Request.
  Time since last request: 0.000019 seconds.
  path: Assets/EVP5/World/Pixelactive City/Materials/pixelactive_city_fbx-phong564.mat
  artifactKey: Guid(72ec51f034d3040e58ebf8cc54c5a44b) Importer(815301076,1909f56bfc062723c751e8b465ee728b)
Start importing Assets/EVP5/World/Pixelactive City/Materials/pixelactive_city_fbx-phong564.mat using Guid(72ec51f034d3040e58ebf8cc54c5a44b) Importer(815301076,1909f56bfc062723c751e8b465ee728b)  -> (artifact id: '2cce9cd2a8294aabd7f9dd94c91b8c3a') in 0.039472 seconds 
========================================================================
Received Import Request.
  Time since last request: 0.000034 seconds.
  path: Assets/EVP5/World/Pixelactive City/Materials/pixelactive_city_fbx-lambert135-uv.mat
  artifactKey: Guid(7a8da47c2f06dcb429052c7bd41beaf0) Importer(815301076,1909f56bfc062723c751e8b465ee728b)
Start importing Assets/EVP5/World/Pixelactive City/Materials/pixelactive_city_fbx-lambert135-uv.mat using Guid(7a8da47c2f06dcb429052c7bd41beaf0) Importer(815301076,1909f56bfc062723c751e8b465ee728b)  -> (artifact id: '2d964ee92e714395399fb4cf355879d2') in 0.037967 seconds 
========================================================================
Received Import Request.
  Time since last request: 0.000028 seconds.
  path: Assets/EVP5/World/Pixelactive City/Materials/pixelactive_city_fbx-lambert132.mat
  artifactKey: Guid(114a2aa4ac6f342b0aeb6d859b24aa00) Importer(815301076,1909f56bfc062723c751e8b465ee728b)
Start importing Assets/EVP5/World/Pixelactive City/Materials/pixelactive_city_fbx-lambert132.mat using Guid(114a2aa4ac6f342b0aeb6d859b24aa00) Importer(815301076,1909f56bfc062723c751e8b465ee728b)  -> (artifact id: '9121b032859bdec91924fed09cf6120a') in 0.039727 seconds 
========================================================================
Received Import Request.
  Time since last request: 0.000025 seconds.
  path: Assets/Toon Racing/Models/Materials/Race_Car_7B_D.mat
  artifactKey: Guid(75f4febaf735e464a80a49eb2f438ba2) Importer(815301076,1909f56bfc062723c751e8b465ee728b)
Start importing Assets/Toon Racing/Models/Materials/Race_Car_7B_D.mat using Guid(75f4febaf735e464a80a49eb2f438ba2) Importer(815301076,1909f56bfc062723c751e8b465ee728b)  -> (artifact id: 'd5f146a3776dc21457900f5b5504cd66') in 0.036087 seconds 
========================================================================
Received Import Request.
  Time since last request: 0.000025 seconds.
  path: Assets/Pure Poly/Free Low Poly Nature Pack/Materials/PP_Ground.mat
  artifactKey: Guid(2f984dd1b63fbc24abdd916834492e6e) Importer(815301076,1909f56bfc062723c751e8b465ee728b)
Start importing Assets/Pure Poly/Free Low Poly Nature Pack/Materials/PP_Ground.mat using Guid(2f984dd1b63fbc24abdd916834492e6e) Importer(815301076,1909f56bfc062723c751e8b465ee728b)  -> (artifact id: '7115e4ce177e6d0b607dbcae5e94278e') in 0.015405 seconds 
========================================================================
Received Import Request.
  Time since last request: 0.000029 seconds.
  path: Assets/EVP5/World/Pixelactive City/Materials/pixelactive_city_fbx-lambert414.mat
  artifactKey: Guid(6f7251389956c4581be8c3ff24785c31) Importer(815301076,1909f56bfc062723c751e8b465ee728b)
Start importing Assets/EVP5/World/Pixelactive City/Materials/pixelactive_city_fbx-lambert414.mat using Guid(6f7251389956c4581be8c3ff24785c31) Importer(815301076,1909f56bfc062723c751e8b465ee728b)  -> (artifact id: '622742e9051463345d42d616246546cc') in 0.020803 seconds 
========================================================================
Received Import Request.
  Time since last request: 0.000023 seconds.
  path: Assets/EVP5/World/Pixelactive City/Materials/pixelactive_city_fbx-lambert267.mat
  artifactKey: Guid(d594d3cfa7de74d51917d0e743605677) Importer(815301076,1909f56bfc062723c751e8b465ee728b)
Start importing Assets/EVP5/World/Pixelactive City/Materials/pixelactive_city_fbx-lambert267.mat using Guid(d594d3cfa7de74d51917d0e743605677) Importer(815301076,1909f56bfc062723c751e8b465ee728b)  -> (artifact id: '883d03203b787fcb45b896e78e91083a') in 0.030984 seconds 
========================================================================
Received Import Request.
  Time since last request: 0.000025 seconds.
  path: Assets/EVP5/World/Pixelactive City/Materials/pixelactive_city_fbx-lambert131.mat
  artifactKey: Guid(b5b08fb8e1e9444ba9e46a4212b14892) Importer(815301076,1909f56bfc062723c751e8b465ee728b)
Start importing Assets/EVP5/World/Pixelactive City/Materials/pixelactive_city_fbx-lambert131.mat using Guid(b5b08fb8e1e9444ba9e46a4212b14892) Importer(815301076,1909f56bfc062723c751e8b465ee728b)  -> (artifact id: '598051aa0025af44c010b80ff8024c51') in 0.037875 seconds 
========================================================================
Received Import Request.
  Time since last request: 0.000028 seconds.
  path: Assets/EVP5/World/Pixelactive City/Materials/pixelactive_city_fbx-palmbarkfile1.mat
  artifactKey: Guid(bfa91126c33e9458e9e3536de18fdc66) Importer(815301076,1909f56bfc062723c751e8b465ee728b)
Start importing Assets/EVP5/World/Pixelactive City/Materials/pixelactive_city_fbx-palmbarkfile1.mat using Guid(bfa91126c33e9458e9e3536de18fdc66) Importer(815301076,1909f56bfc062723c751e8b465ee728b)  -> (artifact id: '5d55ed16e5a4e7bc99c345106338b929') in 0.036696 seconds 
========================================================================
Received Import Request.
  Time since last request: 0.000023 seconds.
  path: Assets/Toon Racing/Models/Materials/Race_Car_5B_D.mat
  artifactKey: Guid(fdb2c157015374cb5a0cbcf8ef4fd587) Importer(815301076,1909f56bfc062723c751e8b465ee728b)
Start importing Assets/Toon Racing/Models/Materials/Race_Car_5B_D.mat using Guid(fdb2c157015374cb5a0cbcf8ef4fd587) Importer(815301076,1909f56bfc062723c751e8b465ee728b)  -> (artifact id: '8f68ef36900bf34fdadc0f3038e56d38') in 0.035136 seconds 
========================================================================
Received Import Request.
  Time since last request: 0.000019 seconds.
  path: Assets/Toon Racing/Models/Materials/Rally_Car_2C_D.mat
  artifactKey: Guid(eb4c693f7cd212448a14f9d634af7542) Importer(815301076,1909f56bfc062723c751e8b465ee728b)
Start importing Assets/Toon Racing/Models/Materials/Rally_Car_2C_D.mat using Guid(eb4c693f7cd212448a14f9d634af7542) Importer(815301076,1909f56bfc062723c751e8b465ee728b)  -> (artifact id: 'cbd5160d42e474b0324efa5fd4498159') in 0.035118 seconds 
========================================================================
Received Import Request.
  Time since last request: 0.000020 seconds.
  path: Assets/Toon Racing/Models/Materials/Race_Car_7A_D.mat
  artifactKey: Guid(f388822791e904b83a0c6818071066a4) Importer(815301076,1909f56bfc062723c751e8b465ee728b)
Start importing Assets/Toon Racing/Models/Materials/Race_Car_7A_D.mat using Guid(f388822791e904b83a0c6818071066a4) Importer(815301076,1909f56bfc062723c751e8b465ee728b)  -> (artifact id: '1d2732785e5b925f814f1533bf9467d8') in 0.036351 seconds 
========================================================================
Received Import Request.
  Time since last request: 0.000023 seconds.
  path: Assets/Toon Racing/Models/Materials/Rally_Car_4C_D.mat
  artifactKey: Guid(b6e2c588ad1362d40b255e76c4e069b5) Importer(815301076,1909f56bfc062723c751e8b465ee728b)
Start importing Assets/Toon Racing/Models/Materials/Rally_Car_4C_D.mat using Guid(b6e2c588ad1362d40b255e76c4e069b5) Importer(815301076,1909f56bfc062723c751e8b465ee728b)  -> (artifact id: '844ed0364e38f5e5998e6eab8ca1d579') in 0.039903 seconds 
========================================================================
Received Import Request.
  Time since last request: 0.000029 seconds.
  path: Assets/Toon Racing/Models/Materials/Rally_Car_3A_D.mat
  artifactKey: Guid(e3342d6af59054f3c8fdb307b3a08a50) Importer(815301076,1909f56bfc062723c751e8b465ee728b)
Start importing Assets/Toon Racing/Models/Materials/Rally_Car_3A_D.mat using Guid(e3342d6af59054f3c8fdb307b3a08a50) Importer(815301076,1909f56bfc062723c751e8b465ee728b)  -> (artifact id: '509f80c805984996dc579f5262cef569') in 0.036680 seconds 
========================================================================
Received Import Request.
  Time since last request: 0.000040 seconds.
  path: Assets/EVP5/World/Pixelactive City/Materials/pixelactive_city_fbx-lambert1225.mat
  artifactKey: Guid(ee2c46a52c04c4d5bb6754424e0a25d1) Importer(815301076,1909f56bfc062723c751e8b465ee728b)
Start importing Assets/EVP5/World/Pixelactive City/Materials/pixelactive_city_fbx-lambert1225.mat using Guid(ee2c46a52c04c4d5bb6754424e0a25d1) Importer(815301076,1909f56bfc062723c751e8b465ee728b)  -> (artifact id: '1ed9069b1a6467133d314358ac920d9d') in 0.034862 seconds 
========================================================================
Received Import Request.
  Time since last request: 0.000021 seconds.
  path: Assets/EVP5/World/Pixelactive City/Materials/pixelactive_city_fbx-lambert926.mat
  artifactKey: Guid(c675cbc6dd908423eae394d778d032e6) Importer(815301076,1909f56bfc062723c751e8b465ee728b)
Start importing Assets/EVP5/World/Pixelactive City/Materials/pixelactive_city_fbx-lambert926.mat using Guid(c675cbc6dd908423eae394d778d032e6) Importer(815301076,1909f56bfc062723c751e8b465ee728b)  -> (artifact id: 'a054866365ec4c3db79c7db0e99d50af') in 0.039987 seconds 
========================================================================
Received Import Request.
  Time since last request: 0.000019 seconds.
  path: Assets/Toon Racing/Models/Materials/Rally_Car_4B_D.mat
  artifactKey: Guid(efc8ae12e803f408791933567a6b921f) Importer(815301076,1909f56bfc062723c751e8b465ee728b)
Start importing Assets/Toon Racing/Models/Materials/Rally_Car_4B_D.mat using Guid(efc8ae12e803f408791933567a6b921f) Importer(815301076,1909f56bfc062723c751e8b465ee728b)  -> (artifact id: 'e46df913e26c97f27cec89c9e58b4b46') in 0.036078 seconds 
========================================================================
Received Import Request.
  Time since last request: 0.523129 seconds.
  path: Assets/EVP5/World/Pixelactive City/Materials/pixelactive_city_fbx-lambert49.mat
  artifactKey: Guid(e4268c985397648299cdae7f02450e01) Importer(815301076,1909f56bfc062723c751e8b465ee728b)
Start importing Assets/EVP5/World/Pixelactive City/Materials/pixelactive_city_fbx-lambert49.mat using Guid(e4268c985397648299cdae7f02450e01) Importer(815301076,1909f56bfc062723c751e8b465ee728b)  -> (artifact id: '1bc282300c5c288902d7b6ff332637d1') in 0.021324 seconds 
========================================================================
Received Import Request.
  Time since last request: 0.000018 seconds.
  path: Assets/EVP5/World/Pixelactive City/Materials/pixelactive_city_fbx-lambert40.mat
  artifactKey: Guid(4a412f7cca9e94589bcab0607ae58825) Importer(815301076,1909f56bfc062723c751e8b465ee728b)
Start importing Assets/EVP5/World/Pixelactive City/Materials/pixelactive_city_fbx-lambert40.mat using Guid(4a412f7cca9e94589bcab0607ae58825) Importer(815301076,1909f56bfc062723c751e8b465ee728b)  -> (artifact id: 'c0f74dcef573cd212dba04831dd1cc26') in 0.022552 seconds 
========================================================================
Received Import Request.
  Time since last request: 0.000031 seconds.
  path: Assets/EVP5/World/Pixelactive City/Materials/pixelactive_city_fbx-lambert4.mat
  artifactKey: Guid(670f24f75f39347f6bec36020bb707cd) Importer(815301076,1909f56bfc062723c751e8b465ee728b)
Start importing Assets/EVP5/World/Pixelactive City/Materials/pixelactive_city_fbx-lambert4.mat using Guid(670f24f75f39347f6bec36020bb707cd) Importer(815301076,1909f56bfc062723c751e8b465ee728b)  -> (artifact id: '5deb7d8284c2b8aaff003cb5d1fe0827') in 0.030345 seconds 
========================================================================
Received Import Request.
  Time since last request: 0.000028 seconds.
  path: Assets/EVP5/World/Pixelactive City/Materials/pixelactive_city_fbx-lambert41.mat
  artifactKey: Guid(e5b07b01115c5474597abc17778f0cfa) Importer(815301076,1909f56bfc062723c751e8b465ee728b)
Start importing Assets/EVP5/World/Pixelactive City/Materials/pixelactive_city_fbx-lambert41.mat using Guid(e5b07b01115c5474597abc17778f0cfa) Importer(815301076,1909f56bfc062723c751e8b465ee728b)  -> (artifact id: '772db26107a9f80b0aed56e13bd9a5d7') in 0.040405 seconds 
========================================================================
Received Import Request.
  Time since last request: 0.000028 seconds.
  path: Assets/TextMesh Pro/Examples & Extras/Resources/Fonts & Materials/LiberationSans SDF - Overlay.mat
  artifactKey: Guid(9ad269c99dcf42b7aedefd83dd5a7b9d) Importer(815301076,1909f56bfc062723c751e8b465ee728b)
Start importing Assets/TextMesh Pro/Examples & Extras/Resources/Fonts & Materials/LiberationSans SDF - Overlay.mat using Guid(9ad269c99dcf42b7aedefd83dd5a7b9d) Importer(815301076,1909f56bfc062723c751e8b465ee728b)  -> (artifact id: '6b009d996de7082def1e32b43d6993a1') in 0.038894 seconds 
========================================================================
Received Import Request.
  Time since last request: 0.000025 seconds.
  path: Assets/nTools/PrefabPainter/Examples/Materials/color_table.mat
  artifactKey: Guid(92d8c628a5cf94850acd34717ce3d5d1) Importer(815301076,1909f56bfc062723c751e8b465ee728b)
Start importing Assets/nTools/PrefabPainter/Examples/Materials/color_table.mat using Guid(92d8c628a5cf94850acd34717ce3d5d1) Importer(815301076,1909f56bfc062723c751e8b465ee728b)  -> (artifact id: 'e889d23ba010ba204d87855d4157295f') in 0.014484 seconds 
========================================================================
Received Import Request.
  Time since last request: 0.000037 seconds.
  path: Assets/Oak Trees Package/Oak Trees Version 2.0/CTI Runtime Components/Default Components/Resources/CTI_default_billboard_material.mat
  artifactKey: Guid(6da1894adda584f759ccf5e4d9ada5bf) Importer(815301076,1909f56bfc062723c751e8b465ee728b)
Start importing Assets/Oak Trees Package/Oak Trees Version 2.0/CTI Runtime Components/Default Components/Resources/CTI_default_billboard_material.mat using Guid(6da1894adda584f759ccf5e4d9ada5bf) Importer(815301076,1909f56bfc062723c751e8b465ee728b)  -> (artifact id: 'b1e2a7175125da28a27ee4e1c01e60b8') in 0.017726 seconds 
========================================================================
Received Import Request.
  Time since last request: 0.000022 seconds.
  path: Assets/Low Poly Pack - Environment Lite/Materials/Albedo.mat
  artifactKey: Guid(130d7378e70dbc14a9dded2d547168ee) Importer(815301076,1909f56bfc062723c751e8b465ee728b)
Start importing Assets/Low Poly Pack - Environment Lite/Materials/Albedo.mat using Guid(130d7378e70dbc14a9dded2d547168ee) Importer(815301076,1909f56bfc062723c751e8b465ee728b)  -> (artifact id: 'fe7dce56ec44ab0a26a50629f458aa07') in 0.015901 seconds 
========================================================================
Received Import Request.
  Time since last request: 0.000029 seconds.
  path: Assets/EVP5/Vehicles/L200/Materials/L200-prototype-NewPickup Truck Texture.mat
  artifactKey: Guid(e8a96f72c397dad4fa63b6660c6f7ce3) Importer(815301076,1909f56bfc062723c751e8b465ee728b)
Start importing Assets/EVP5/Vehicles/L200/Materials/L200-prototype-NewPickup Truck Texture.mat using Guid(e8a96f72c397dad4fa63b6660c6f7ce3) Importer(815301076,1909f56bfc062723c751e8b465ee728b)  -> (artifact id: '5e2f2ef5507e4a6bff488a33fc474277') in 0.022567 seconds 
========================================================================
Received Import Request.
  Time since last request: 0.000021 seconds.
  path: Assets/EasyRoads3D/Resources/Materials/crossings/crossing material.mat
  artifactKey: Guid(3c555588afad81d428ad1704d5d015a7) Importer(815301076,1909f56bfc062723c751e8b465ee728b)
Start importing Assets/EasyRoads3D/Resources/Materials/crossings/crossing material.mat using Guid(3c555588afad81d428ad1704d5d015a7) Importer(815301076,1909f56bfc062723c751e8b465ee728b)  -> (artifact id: '6b8c31506b5fbbbe622a28527e5203f2') in 0.028268 seconds 
========================================================================
Received Import Request.
  Time since last request: 0.000019 seconds.
  path: Assets/EVP5/Vehicles/L200/Materials/L200-Wheels.mat
  artifactKey: Guid(3f671d11c20c3e7468e4f110ba98f013) Importer(815301076,1909f56bfc062723c751e8b465ee728b)
Start importing Assets/EVP5/Vehicles/L200/Materials/L200-Wheels.mat using Guid(3f671d11c20c3e7468e4f110ba98f013) Importer(815301076,1909f56bfc062723c751e8b465ee728b)  -> (artifact id: '2b0938c03832851cfaa9f2e493c4d284') in 0.034171 seconds 
========================================================================
Received Import Request.
  Time since last request: 0.000019 seconds.
  path: Assets/TextMesh Pro/Resources/Fonts & Materials/LiberationSans SDF - Drop Shadow.mat
  artifactKey: Guid(e73a58f6e2794ae7b1b7e50b7fb811b0) Importer(815301076,1909f56bfc062723c751e8b465ee728b)
Start importing Assets/TextMesh Pro/Resources/Fonts & Materials/LiberationSans SDF - Drop Shadow.mat using Guid(e73a58f6e2794ae7b1b7e50b7fb811b0) Importer(815301076,1909f56bfc062723c751e8b465ee728b)  -> (artifact id: '16cba3e35d2450432b474c8c30c372f3') in 0.035842 seconds 
========================================================================
Received Import Request.
  Time since last request: 0.000022 seconds.
  path: Assets/LowPolyFarmLite/Materials/LowPolyFarmLite_MAIN.mat
  artifactKey: Guid(382e2b1b7fbf94945963320a17603c7c) Importer(815301076,1909f56bfc062723c751e8b465ee728b)
Start importing Assets/LowPolyFarmLite/Materials/LowPolyFarmLite_MAIN.mat using Guid(382e2b1b7fbf94945963320a17603c7c) Importer(815301076,1909f56bfc062723c751e8b465ee728b)  -> (artifact id: '1e6ffe6da738ef978b37b2d1f05f5993') in 0.015694 seconds 
========================================================================
Received Import Request.
  Time since last request: 0.000029 seconds.
  path: Assets/TextMesh Pro/Resources/Fonts & Materials/LiberationSans SDF.asset
  artifactKey: Guid(8f586378b4e144a9851e7b34d9b748ee) Importer(815301076,1909f56bfc062723c751e8b465ee728b)
Start importing Assets/TextMesh Pro/Resources/Fonts & Materials/LiberationSans SDF.asset using Guid(8f586378b4e144a9851e7b34d9b748ee) Importer(815301076,1909f56bfc062723c751e8b465ee728b)  -> (artifact id: 'b7995a43df21527859dc1d5b3f91968a') in 0.061854 seconds 
========================================================================
Received Import Request.
  Time since last request: 0.000025 seconds.
  path: Assets/EVP5/World/Pixelactive City/Materials/pixelactive_city_fbx-lambert12.mat
  artifactKey: Guid(bc9ba4eda63de43e18c53be36908c9e5) Importer(815301076,1909f56bfc062723c751e8b465ee728b)
Start importing Assets/EVP5/World/Pixelactive City/Materials/pixelactive_city_fbx-lambert12.mat using Guid(bc9ba4eda63de43e18c53be36908c9e5) Importer(815301076,1909f56bfc062723c751e8b465ee728b)  -> (artifact id: 'fb6f7961fc6a5b222839c33750e4841b') in 0.032698 seconds 
========================================================================
Received Import Request.
  Time since last request: 0.000030 seconds.
  path: Assets/TextMesh Pro/Examples & Extras/Resources/Fonts & Materials/Electronic Highway Sign SDF.asset
  artifactKey: Guid(dc36b3fdc14f47ebb36fd484a67e268a) Importer(815301076,1909f56bfc062723c751e8b465ee728b)
Start importing Assets/TextMesh Pro/Examples & Extras/Resources/Fonts & Materials/Electronic Highway Sign SDF.asset using Guid(dc36b3fdc14f47ebb36fd484a67e268a) Importer(815301076,1909f56bfc062723c751e8b465ee728b)  -> (artifact id: 'ac15141e152be9146d4566f20315e6ec') in 0.039056 seconds 
========================================================================
Received Import Request.
  Time since last request: 0.000029 seconds.
  path: Assets/EVP5/World/Pixelactive City/Materials/pixelactive_city_fbx-ad_mat.mat
  artifactKey: Guid(cfb723188b4754766b1a0a949b59ba90) Importer(815301076,1909f56bfc062723c751e8b465ee728b)
Start importing Assets/EVP5/World/Pixelactive City/Materials/pixelactive_city_fbx-ad_mat.mat using Guid(cfb723188b4754766b1a0a949b59ba90) Importer(815301076,1909f56bfc062723c751e8b465ee728b)  -> (artifact id: '9f34ba359c72a3ebbc6ed19070d3bb11') in 0.037551 seconds 
========================================================================
Received Import Request.
  Time since last request: 0.000024 seconds.
  path: Assets/Toon Racing/Models/Materials/Dirt_Ramps_1A_D.mat
  artifactKey: Guid(2157063da9398e242b639ad16ede6337) Importer(815301076,1909f56bfc062723c751e8b465ee728b)
Start importing Assets/Toon Racing/Models/Materials/Dirt_Ramps_1A_D.mat using Guid(2157063da9398e242b639ad16ede6337) Importer(815301076,1909f56bfc062723c751e8b465ee728b)  -> (artifact id: '2c0aac39a245037f25294dcf7891c290') in 0.016136 seconds 
========================================================================
Received Import Request.
  Time since last request: 0.000021 seconds.
  path: Assets/EVP5/World/Pixelactive City/Materials/pixelactive_city_fbx-lambert119.mat
  artifactKey: Guid(b057229f770b7444ea22275c3eec4cc8) Importer(815301076,1909f56bfc062723c751e8b465ee728b)
Start importing Assets/EVP5/World/Pixelactive City/Materials/pixelactive_city_fbx-lambert119.mat using Guid(b057229f770b7444ea22275c3eec4cc8) Importer(815301076,1909f56bfc062723c751e8b465ee728b)  -> (artifact id: 'f4595fc0455f05c31c6d5b387aa38df8') in 0.021677 seconds 
========================================================================
Received Import Request.
  Time since last request: 0.000030 seconds.
  path: Assets/EVP5/World/Pixelactive City/Materials/pixelactive_city_fbx-lambert15.mat
  artifactKey: Guid(054830125dd8746d08823b3ec94acb0d) Importer(815301076,1909f56bfc062723c751e8b465ee728b)
Start importing Assets/EVP5/World/Pixelactive City/Materials/pixelactive_city_fbx-lambert15.mat using Guid(054830125dd8746d08823b3ec94acb0d) Importer(815301076,1909f56bfc062723c751e8b465ee728b)  -> (artifact id: '9c233aac01347fc500ee78e70835f853') in 0.027064 seconds 
========================================================================
Received Import Request.
  Time since last request: 0.000040 seconds.
  path: Assets/TextMesh Pro/Examples & Extras/Resources/Fonts & Materials/LiberationSans SDF - Metalic Green.mat
  artifactKey: Guid(8b29aaa3eec7468097ff07adfcf29ac9) Importer(815301076,1909f56bfc062723c751e8b465ee728b)
Start importing Assets/TextMesh Pro/Examples & Extras/Resources/Fonts & Materials/LiberationSans SDF - Metalic Green.mat using Guid(8b29aaa3eec7468097ff07adfcf29ac9) Importer(815301076,1909f56bfc062723c751e8b465ee728b)  -> (artifact id: 'b2c9cbc0509df9b46010b8b6674e007b') in 0.145871 seconds 
========================================================================
Received Prepare
Registering precompiled user dll's ...
Registered in 0.006471 seconds.
Begin MonoManager ReloadAssembly
Symbol file LoadedFromMemory doesn't match image C:\Users\morga\Documents\GitHub\MrToadSpeedRacer\Mr Frog\Library\PackageCache\com.unity.visualscripting@1.7.6\Editor\VisualScripting.Core\Dependencies\YamlDotNet\Unity.VisualScripting.YamlDotNet.dll
Symbol file LoadedFromMemory doesn't match image C:\Users\morga\Documents\GitHub\MrToadSpeedRacer\Mr Frog\Library\PackageCache\com.unity.visualscripting@1.7.6\Editor\VisualScripting.Core\Dependencies\DotNetZip\Unity.VisualScripting.IonicZip.dll
Native extension for WindowsStandalone target not found
Native extension for Android target not found
Native extension for WebGL target not found
Refreshing native plugins compatible for Editor in 0.92 ms, found 3 plugins.
Preloading 0 native plugins for Editor in 0.00 ms.
Mono: successfully reloaded assembly
- Completed reload, in  1.091 seconds
Domain Reload Profiling:
	ReloadAssembly (1092ms)
		BeginReloadAssembly (145ms)
			ExecutionOrderSort (0ms)
			DisableScriptedObjects (4ms)
			BackupInstance (0ms)
			ReleaseScriptingObjects (0ms)
			CreateAndSetChildDomain (45ms)
		EndReloadAssembly (855ms)
			LoadAssemblies (91ms)
			RebuildTransferFunctionScriptingTraits (0ms)
			SetupTypeCache (303ms)
			ReleaseScriptCaches (2ms)
			RebuildScriptCaches (48ms)
			SetupLoadedEditorAssemblies (367ms)
				LogAssemblyErrors (0ms)
				InitializePlatformSupportModulesInManaged (23ms)
				SetLoadedEditorAssemblies (0ms)
				RefreshPlugins (1ms)
				BeforeProcessingInitializeOnLoad (75ms)
				ProcessInitializeOnLoadAttributes (222ms)
				ProcessInitializeOnLoadMethodAttributes (37ms)
				AfterProcessingInitializeOnLoad (8ms)
				EditorAssembliesLoaded (0ms)
			ExecutionOrderSort2 (0ms)
			AwakeInstancesAfterBackupRestoration (7ms)
Platform modules already initialized, skipping
Shader 'Custom/EVP Particles Alpha Blended Shadows': fallback shader 'Particles/Alpha Blended' not found
Refreshing native plugins compatible for Editor in 2.46 ms, found 3 plugins.
Preloading 0 native plugins for Editor in 0.00 ms.
Unloading 4045 Unused Serialized files (Serialized files now loaded: 0)
Unloading 35 unused Assets / (1.4 MB). Loaded Objects now: 4812.
Memory consumption went from 191.8 MB to 190.4 MB.
Total: 3.443900 ms (FindLiveObjects: 0.470800 ms CreateObjectMapping: 0.105600 ms MarkObjects: 2.479300 ms  DeleteObjects: 0.387000 ms)

AssetImportParameters requested are different than current active one (requested -> active):
  custom:video-decoder-ogg-theora: a1e56fd34408186e4bbccfd4996cb3dc -> 
  custom:container-muxer-webm: aa71ff27fc2769a1b78a27578f13a17b -> 
  custom:container-demuxer-webm: 4f35f7cbe854078d1ac9338744f61a02 -> 
  custom:video-encoder-webm-vp8: eb34c28f22e8b96e1ab97ce403110664 -> 
  custom:audio-encoder-webm-vorbis: bf7c407c2cedff20999df2af8eb42d56 -> 
  custom:framework-win-MediaFoundation: 216162199b28c13a410421893ffa2e32 -> 
  custom:container-demuxer-ogg: 62fdf1f143b41e24485cea50d1cbac27 -> 
  custom:video-decoder-webm-vp8: 9c59270c3fd7afecdb556c50c9e8de78 -> 
  custom:audio-decoder-ogg-vorbis: bf7c407c2cedff20999df2af8eb42d56 -> 
========================================================================
Received Prepare
Registering precompiled user dll's ...
Registered in 0.005676 seconds.
Begin MonoManager ReloadAssembly
Symbol file LoadedFromMemory doesn't match image C:\Users\morga\Documents\GitHub\MrToadSpeedRacer\Mr Frog\Library\PackageCache\com.unity.visualscripting@1.7.6\Editor\VisualScripting.Core\Dependencies\YamlDotNet\Unity.VisualScripting.YamlDotNet.dll
Symbol file LoadedFromMemory doesn't match image C:\Users\morga\Documents\GitHub\MrToadSpeedRacer\Mr Frog\Library\PackageCache\com.unity.visualscripting@1.7.6\Editor\VisualScripting.Core\Dependencies\DotNetZip\Unity.VisualScripting.IonicZip.dll
Native extension for WindowsStandalone target not found
Native extension for Android target not found
Native extension for WebGL target not found
Refreshing native plugins compatible for Editor in 0.84 ms, found 3 plugins.
Preloading 0 native plugins for Editor in 0.00 ms.
Mono: successfully reloaded assembly
- Completed reload, in  1.045 seconds
Domain Reload Profiling:
	ReloadAssembly (1046ms)
		BeginReloadAssembly (130ms)
			ExecutionOrderSort (0ms)
			DisableScriptedObjects (5ms)
			BackupInstance (0ms)
			ReleaseScriptingObjects (0ms)
			CreateAndSetChildDomain (42ms)
		EndReloadAssembly (819ms)
			LoadAssemblies (75ms)
			RebuildTransferFunctionScriptingTraits (0ms)
			SetupTypeCache (279ms)
			ReleaseScriptCaches (2ms)
			RebuildScriptCaches (46ms)
			SetupLoadedEditorAssemblies (368ms)
				LogAssemblyErrors (0ms)
				InitializePlatformSupportModulesInManaged (20ms)
				SetLoadedEditorAssemblies (0ms)
				RefreshPlugins (1ms)
				BeforeProcessingInitializeOnLoad (82ms)
				ProcessInitializeOnLoadAttributes (224ms)
				ProcessInitializeOnLoadMethodAttributes (33ms)
				AfterProcessingInitializeOnLoad (8ms)
				EditorAssembliesLoaded (0ms)
			ExecutionOrderSort2 (0ms)
			AwakeInstancesAfterBackupRestoration (6ms)
Platform modules already initialized, skipping
Shader 'Custom/EVP Particles Alpha Blended Shadows': fallback shader 'Particles/Alpha Blended' not found
Refreshing native plugins compatible for Editor in 2.90 ms, found 3 plugins.
Preloading 0 native plugins for Editor in 0.00 ms.
Unloading 4045 Unused Serialized files (Serialized files now loaded: 0)
Unloading 35 unused Assets / (1.4 MB). Loaded Objects now: 4815.
Memory consumption went from 191.8 MB to 190.4 MB.
Total: 3.704600 ms (FindLiveObjects: 0.410000 ms CreateObjectMapping: 0.127900 ms MarkObjects: 2.771500 ms  DeleteObjects: 0.394400 ms)

AssetImportParameters requested are different than current active one (requested -> active):
  custom:video-decoder-ogg-theora: a1e56fd34408186e4bbccfd4996cb3dc -> 
  custom:container-muxer-webm: aa71ff27fc2769a1b78a27578f13a17b -> 
  custom:container-demuxer-webm: 4f35f7cbe854078d1ac9338744f61a02 -> 
  custom:video-encoder-webm-vp8: eb34c28f22e8b96e1ab97ce403110664 -> 
  custom:audio-encoder-webm-vorbis: bf7c407c2cedff20999df2af8eb42d56 -> 
  custom:framework-win-MediaFoundation: 216162199b28c13a410421893ffa2e32 -> 
  custom:container-demuxer-ogg: 62fdf1f143b41e24485cea50d1cbac27 -> 
  custom:video-decoder-webm-vp8: 9c59270c3fd7afecdb556c50c9e8de78 -> 
  custom:audio-decoder-ogg-vorbis: bf7c407c2cedff20999df2af8eb42d56 -> 
Editor requested this worker to shutdown with reason: Scaling down because of idle timeout
AssetImportWorker is now disconnected from the server
Process exiting
Exiting without the bug reporter. Application will terminate with return code 0